"../../../Engine/Content/EngineMaterials/T_Default_Material_Grid_N.uasset" 0
"../../../Engine/Content/EngineMaterials/T_Default_Material_Grid_N.uexp" 1
"../../../Engine/Content/EngineMaterials/T_Default_Material_Grid_N.ubulk" 2
"../../../Engine/Content/EngineMaterials/T_Default_Material_Grid_M.uasset" 3
"../../../Engine/Content/EngineMaterials/T_Default_Material_Grid_M.uexp" 4
"../../../Engine/Content/EngineMaterials/T_Default_Material_Grid_M.ubulk" 5
"../../../Engine/Content/Functions/Engine_MaterialFunctions01/Opacity/CameraDepthFade.uasset" 6
"../../../Engine/Content/Functions/Engine_MaterialFunctions01/Opacity/CameraDepthFade.uexp" 7
"../../../Engine/Content/EngineMaterials/WorldGridMaterial.uasset" 8
"../../../Engine/Content/EngineMaterials/WorldGridMaterial.uexp" 9
"../../../Engine/Content/ArtTools/RenderToTexture/Meshes/S_1_Unit_Plane.uasset" 10
"../../../Engine/Content/ArtTools/RenderToTexture/Meshes/S_1_Unit_Plane.uexp" 11
"../../../Engine/Content/EngineMaterials/DefaultMaterial.uasset" 12
"../../../Engine/Content/EngineMaterials/DefaultMaterial.uexp" 13
"../../../Engine/Content/BasicShapes/Cone.uasset" 14
"../../../Engine/Content/BasicShapes/Cone.uexp" 15
"../../../Engine/Content/BasicShapes/Cube.uasset" 16
"../../../Engine/Content/BasicShapes/Cube.uexp" 17
"../../../Engine/Content/BasicShapes/Plane.uasset" 18
"../../../Engine/Content/BasicShapes/Plane.uexp" 19
"../../../Engine/Content/BasicShapes/Sphere.uasset" 20
"../../../Engine/Content/BasicShapes/Sphere.uexp" 21
"../../../Engine/Content/EngineMaterials/DefaultPhysicalMaterial.uasset" 22
"../../../Engine/Content/EngineMaterials/DefaultPhysicalMaterial.uexp" 23
"../../../Engine/Content/BufferVisualization/AmbientOcclusion.uasset" 24
"../../../Engine/Content/BufferVisualization/AmbientOcclusion.uexp" 25
"../../../Engine/Content/Functions/Engine_MaterialFunctions02/Utility/AppendMany.uasset" 26
"../../../Engine/Content/Functions/Engine_MaterialFunctions02/Utility/AppendMany.uexp" 27
"../../../Engine/Content/BufferVisualization/Anisotropy.uasset" 28
"../../../Engine/Content/BufferVisualization/Anisotropy.uexp" 29
"../../../Engine/Content/BufferVisualization/BaseColor.uasset" 30
"../../../Engine/Content/BufferVisualization/BaseColor.uexp" 31
"../../../Engine/Content/BufferVisualization/CustomDepth.uasset" 32
"../../../Engine/Content/BufferVisualization/CustomDepth.uexp" 33
"../../../Engine/Content/Functions/Engine_MaterialFunctions02/Utility/VectorLength.uasset" 34
"../../../Engine/Content/Functions/Engine_MaterialFunctions02/Utility/VectorLength.uexp" 35
"../../../Engine/Content/BufferVisualization/CustomDepthWorldUnits.uasset" 36
"../../../Engine/Content/BufferVisualization/CustomDepthWorldUnits.uexp" 37
"../../../Engine/Content/Functions/Engine_MaterialFunctions02/Utility/BreakOutFloat2Components.uasset" 38
"../../../Engine/Content/Functions/Engine_MaterialFunctions02/Utility/BreakOutFloat2Components.uexp" 39
"../../../Engine/Content/Functions/Engine_MaterialFunctions01/Texturing/ScaleUVsByCenter.uasset" 40
"../../../Engine/Content/Functions/Engine_MaterialFunctions01/Texturing/ScaleUVsByCenter.uexp" 41
"../../../Engine/Content/EngineMaterials/MiniFont.uasset" 42
"../../../Engine/Content/EngineMaterials/MiniFont.uexp" 43
"../../../Engine/Content/Functions/Engine_MaterialFunctions02/Utility/MakeFloat3.uasset" 44
"../../../Engine/Content/Functions/Engine_MaterialFunctions02/Utility/MakeFloat3.uexp" 45
"../../../Engine/Content/Functions/Engine_MaterialFunctions02/Utility/MakeFloat2.uasset" 46
"../../../Engine/Content/Functions/Engine_MaterialFunctions02/Utility/MakeFloat2.uexp" 47
"../../../Engine/Content/Functions/Engine_MaterialFunctions02/ScreenResolution.uasset" 48
"../../../Engine/Content/Functions/Engine_MaterialFunctions02/ScreenResolution.uexp" 49
"../../../Engine/Content/Functions/Engine_MaterialFunctions02/Texturing/ScreenAlignedUVs.uasset" 50
"../../../Engine/Content/Functions/Engine_MaterialFunctions02/Texturing/ScreenAlignedUVs.uexp" 51
"../../../Engine/Content/BufferVisualization/CustomStencil.uasset" 52
"../../../Engine/Content/BufferVisualization/CustomStencil.uexp" 53
"../../../Engine/Content/BufferVisualization/FinalImage.uasset" 54
"../../../Engine/Content/BufferVisualization/FinalImage.uexp" 55
"../../../Engine/Content/BufferVisualization/LightingModel.uasset" 56
"../../../Engine/Content/BufferVisualization/LightingModel.uexp" 57
"../../../Engine/Content/BufferVisualization/MaterialAO.uasset" 58
"../../../Engine/Content/BufferVisualization/MaterialAO.uexp" 59
"../../../Engine/Content/BufferVisualization/Metallic.uasset" 60
"../../../Engine/Content/BufferVisualization/Metallic.uexp" 61
"../../../Engine/Content/BufferVisualization/Opacity.uasset" 62
"../../../Engine/Content/BufferVisualization/Opacity.uexp" 63
"../../../Engine/Content/BufferVisualization/PostTonemapHDRColor.uasset" 64
"../../../Engine/Content/BufferVisualization/PostTonemapHDRColor.uexp" 65
"../../../Engine/Content/BufferVisualization/PreTonemapHDRColor.uasset" 66
"../../../Engine/Content/BufferVisualization/PreTonemapHDRColor.uexp" 67
"../../../Engine/Content/BufferVisualization/Roughness.uasset" 68
"../../../Engine/Content/BufferVisualization/Roughness.uexp" 69
"../../../Engine/Content/BufferVisualization/SceneColor.uasset" 70
"../../../Engine/Content/BufferVisualization/SceneColor.uexp" 71
"../../../Engine/Content/BufferVisualization/SceneDepth.uasset" 72
"../../../Engine/Content/BufferVisualization/SceneDepth.uexp" 73
"../../../Engine/Content/BufferVisualization/SceneDepthWorldUnits.uasset" 74
"../../../Engine/Content/BufferVisualization/SceneDepthWorldUnits.uexp" 75
"../../../Engine/Content/BufferVisualization/SeparateTranslucencyA.uasset" 76
"../../../Engine/Content/BufferVisualization/SeparateTranslucencyA.uexp" 77
"../../../Engine/Content/BufferVisualization/SeparateTranslucencyRGB.uasset" 78
"../../../Engine/Content/BufferVisualization/SeparateTranslucencyRGB.uexp" 79
"../../../Engine/Content/BufferVisualization/Specular.uasset" 80
"../../../Engine/Content/BufferVisualization/Specular.uexp" 81
"../../../Engine/Content/BufferVisualization/SubsurfaceColor.uasset" 82
"../../../Engine/Content/BufferVisualization/SubsurfaceColor.uexp" 83
"../../../Engine/Content/BufferVisualization/Velocity.uasset" 84
"../../../Engine/Content/BufferVisualization/Velocity.uexp" 85
"../../../Engine/Content/BufferVisualization/WorldNormal.uasset" 86
"../../../Engine/Content/BufferVisualization/WorldNormal.uexp" 87
"../../../Engine/Content/BufferVisualization/WorldTangent.uasset" 88
"../../../Engine/Content/BufferVisualization/WorldTangent.uexp" 89
"../../../Engine/Content/EditorLandscapeResources/DataLayer.uasset" 90
"../../../Engine/Content/EditorLandscapeResources/DataLayer.uexp" 91
"../../../Engine/Content/EditorLandscapeResources/DefaultAlphaTexture.uasset" 92
"../../../Engine/Content/EditorLandscapeResources/DefaultAlphaTexture.uexp" 93
"../../../Engine/Content/EditorLandscapeResources/LandscapeGizmoHeight_Mat.uasset" 94
"../../../Engine/Content/EditorLandscapeResources/LandscapeGizmoHeight_Mat.uexp" 95
"../../../Engine/Content/EditorLandscapeResources/LandscapeGizmo_Mat.uasset" 96
"../../../Engine/Content/EditorLandscapeResources/LandscapeGizmo_Mat.uexp" 97
"../../../Engine/Content/EditorLandscapeResources/LandscapeGizmo_Mat_Copied.uasset" 98
"../../../Engine/Content/EditorLandscapeResources/LandscapeGizmo_Mat_Copied.uexp" 99
"../../../Engine/Content/EditorLandscapeResources/SplineEditorMeshMat.uasset" 100
"../../../Engine/Content/EditorLandscapeResources/SplineEditorMeshMat.uexp" 101
"../../../Engine/Content/EditorLandscapeResources/SplineEditorMesh.uasset" 102
"../../../Engine/Content/EditorLandscapeResources/SplineEditorMesh.uexp" 103
"../../../Engine/Content/EditorMaterials/Cross.uasset" 104
"../../../Engine/Content/EditorMaterials/Cross.uexp" 105
"../../../Engine/Content/EditorMaterials/Cross_Mat.uasset" 106
"../../../Engine/Content/EditorMaterials/Cross_Mat.uexp" 107
"../../../Engine/Content/EditorResources/T_EditorHelp.uasset" 108
"../../../Engine/Content/EditorResources/T_EditorHelp.uexp" 109
"../../../Engine/Content/EditorResources/T_EditorHelp.ubulk" 110
"../../../Engine/Content/Functions/Engine_MaterialFunctions02/ExampleContent/Textures/DebugNumberPeriod.uasset" 111
"../../../Engine/Content/Functions/Engine_MaterialFunctions02/ExampleContent/Textures/DebugNumberPeriod.uexp" 112
"../../../Engine/Content/Functions/Engine_MaterialFunctions02/ExampleContent/DebugNumberStrip.uasset" 113
"../../../Engine/Content/Functions/Engine_MaterialFunctions02/ExampleContent/DebugNumberStrip.uexp" 114
"../../../Engine/Content/EngineMaterials/DefaultDiffuse.uasset" 115
"../../../Engine/Content/EngineMaterials/DefaultDiffuse.uexp" 116
"../../../Engine/Content/EngineMaterials/DefaultDiffuse.ubulk" 117
"../../../Engine/Content/Functions/Engine_MaterialFunctions01/Texturing/TextureCropping.uasset" 118
"../../../Engine/Content/Functions/Engine_MaterialFunctions01/Texturing/TextureCropping.uexp" 119
"../../../Engine/Content/Functions/Engine_MaterialFunctions01/Texturing/ComputeMipLevel.uasset" 120
"../../../Engine/Content/Functions/Engine_MaterialFunctions01/Texturing/ComputeMipLevel.uexp" 121
"../../../Engine/Content/Functions/Engine_MaterialFunctions02/Utility/DebugScalarValues.uasset" 122
"../../../Engine/Content/Functions/Engine_MaterialFunctions02/Utility/DebugScalarValues.uexp" 123
"../../../Engine/Content/Functions/Engine_MaterialFunctions02/Utility/DebugFloat2Values.uasset" 124
"../../../Engine/Content/Functions/Engine_MaterialFunctions02/Utility/DebugFloat2Values.uexp" 125
"../../../Engine/Content/Functions/Engine_MaterialFunctions02/ExampleContent/Textures/flipbook.uasset" 126
"../../../Engine/Content/Functions/Engine_MaterialFunctions02/ExampleContent/Textures/flipbook.uexp" 127
"../../../Engine/Content/Functions/Engine_MaterialFunctions02/ExampleContent/Textures/flipbook.ubulk" 128
"../../../Engine/Content/Functions/Engine_MaterialFunctions02/Texturing/FlipBook.uasset" 129
"../../../Engine/Content/Functions/Engine_MaterialFunctions02/Texturing/FlipBook.uexp" 130
"../../../Engine/Content/Functions/Engine_MaterialFunctions02/Utility/Sign.uasset" 131
"../../../Engine/Content/Functions/Engine_MaterialFunctions02/Utility/Sign.uexp" 132
"../../../Engine/Content/Functions/Engine_MaterialFunctions02/Utility/Round.uasset" 133
"../../../Engine/Content/Functions/Engine_MaterialFunctions02/Utility/Round.uexp" 134
"../../../Engine/Content/EditorMaterials/HelpActorMaterial.uasset" 135
"../../../Engine/Content/EditorMaterials/HelpActorMaterial.uexp" 136
"../../../Engine/Content/Functions/Engine_MaterialFunctions03/Procedurals/ComputeFilterWidth.uasset" 137
"../../../Engine/Content/Functions/Engine_MaterialFunctions03/Procedurals/ComputeFilterWidth.uexp" 138
"../../../Engine/Content/EngineMaterials/BlendFunc_DefBlend.uasset" 139
"../../../Engine/Content/EngineMaterials/BlendFunc_DefBlend.uexp" 140
"../../../Engine/Content/EngineMaterials/BlendFunc_DefBase.uasset" 141
"../../../Engine/Content/EngineMaterials/BlendFunc_DefBase.uexp" 142
"../../../Engine/Content/Functions/Engine_MaterialFunctions03/Blends/Blend_Screen.uasset" 143
"../../../Engine/Content/Functions/Engine_MaterialFunctions03/Blends/Blend_Screen.uexp" 144
"../../../Engine/Content/EditorMaterials/TilingAALineIntegral.uasset" 145
"../../../Engine/Content/EditorMaterials/TilingAALineIntegral.uexp" 146
"../../../Engine/Content/EditorMaterials/TilingAALineBoxFiltered.uasset" 147
"../../../Engine/Content/EditorMaterials/TilingAALineBoxFiltered.uexp" 148
"../../../Engine/Content/EditorMaterials/TilingAAGrid.uasset" 149
"../../../Engine/Content/EditorMaterials/TilingAAGrid.uexp" 150
"../../../Engine/Content/EditorMaterials/TilingAADots.uasset" 151
"../../../Engine/Content/EditorMaterials/TilingAADots.uexp" 152
"../../../Engine/Content/EditorMaterials/CompositeARGBLayer.uasset" 153
"../../../Engine/Content/EditorMaterials/CompositeARGBLayer.uexp" 154
"../../../Engine/Content/EditorMaterials/LevelGridMaterial.uasset" 155
"../../../Engine/Content/EditorMaterials/LevelGridMaterial.uexp" 156
"../../../Engine/Content/EditorResources/LevelGrid1DStripes.uasset" 157
"../../../Engine/Content/EditorResources/LevelGrid1DStripes.uexp" 158
"../../../Engine/Content/EditorMaterials/TextureGridCascaded1D.uasset" 159
"../../../Engine/Content/EditorMaterials/TextureGridCascaded1D.uexp" 160
"../../../Engine/Content/EditorMaterials/TextureGridCascaded2D.uasset" 161
"../../../Engine/Content/EditorMaterials/TextureGridCascaded2D.uexp" 162
"../../../Engine/Content/EditorMaterials/MakeCompositeARGBLayer.uasset" 163
"../../../Engine/Content/EditorMaterials/MakeCompositeARGBLayer.uexp" 164
"../../../Engine/Content/EditorMaterials/LevelGridMaterial2.uasset" 165
"../../../Engine/Content/EditorMaterials/LevelGridMaterial2.uexp" 166
"../../../Engine/Content/EditorMaterials/MAT_Groups_Toggle.uasset" 167
"../../../Engine/Content/EditorMaterials/MAT_Groups_Toggle.uexp" 168
"../../../Engine/Content/EditorMaterials/MAT_Groups_Visibility.uasset" 169
"../../../Engine/Content/EditorMaterials/MAT_Groups_Visibility.uexp" 170
"../../../Engine/Content/EditorMaterials/PhAT_BoneSelectedMaterial.uasset" 171
"../../../Engine/Content/EditorMaterials/PhAT_BoneSelectedMaterial.uexp" 172
"../../../Engine/Content/EditorMaterials/PhAT_ElemSelectedMaterial.uasset" 173
"../../../Engine/Content/EditorMaterials/PhAT_ElemSelectedMaterial.uexp" 174
"../../../Engine/Content/EditorMaterials/PhAT_NoCollisionMaterial.uasset" 175
"../../../Engine/Content/EditorMaterials/PhAT_NoCollisionMaterial.uexp" 176
"../../../Engine/Content/EditorMaterials/PhAT_UnselectedMaterial.uasset" 177
"../../../Engine/Content/EditorMaterials/PhAT_UnselectedMaterial.uexp" 178
"../../../Engine/Content/EditorMaterials/PreviewShadowIndicator.uasset" 179
"../../../Engine/Content/EditorMaterials/PreviewShadowIndicator.uexp" 180
"../../../Engine/Content/EditorMaterials/PreviewShadowIndicator.ubulk" 181
"../../../Engine/Content/EditorMaterials/PreviewShadowIndicatorMaterial.uasset" 182
"../../../Engine/Content/EditorMaterials/PreviewShadowIndicatorMaterial.uexp" 183
"../../../Engine/Content/EditorMaterials/TargetIcon.uasset" 184
"../../../Engine/Content/EditorMaterials/TargetIcon.uexp" 185
"../../../Engine/Content/EditorMaterials/TargetIcon.ubulk" 186
"../../../Engine/Content/EditorMaterials/Tick.uasset" 187
"../../../Engine/Content/EditorMaterials/Tick.uexp" 188
"../../../Engine/Content/EditorMaterials/Tick_Mat.uasset" 189
"../../../Engine/Content/EditorMaterials/Tick_Mat.uexp" 190
"../../../Engine/Content/EditorMaterials/WidgetGridVertexColorMaterial.uasset" 191
"../../../Engine/Content/EditorMaterials/WidgetGridVertexColorMaterial.uexp" 192
"../../../Engine/Content/EditorMaterials/WidgetGridVertexColorMaterial.ubulk" 193
"../../../Engine/Content/EditorMaterials/WidgetGridVertexColorMaterial_Ma.uasset" 194
"../../../Engine/Content/EditorMaterials/WidgetGridVertexColorMaterial_Ma.uexp" 195
"../../../Engine/Content/EditorMaterials/WidgetMaterial.uasset" 196
"../../../Engine/Content/EditorMaterials/WidgetMaterial.uexp" 197
"../../../Engine/Content/EditorMaterials/WidgetMaterial_Current.uasset" 198
"../../../Engine/Content/EditorMaterials/WidgetMaterial_Current.uexp" 199
"../../../Engine/Content/EditorMaterials/WidgetMaterial_X.uasset" 200
"../../../Engine/Content/EditorMaterials/WidgetMaterial_X.uexp" 201
"../../../Engine/Content/EditorMaterials/WidgetMaterial_Y.uasset" 202
"../../../Engine/Content/EditorMaterials/WidgetMaterial_Y.uexp" 203
"../../../Engine/Content/EditorMaterials/WidgetMaterial_Z.uasset" 204
"../../../Engine/Content/EditorMaterials/WidgetMaterial_Z.uexp" 205
"../../../Engine/Content/EditorMaterials/WidgetVertexColorMaterial.uasset" 206
"../../../Engine/Content/EditorMaterials/WidgetVertexColorMaterial.uexp" 207
"../../../Engine/Content/EditorMaterials/MatineeGroups/MAT_ColorTrack.uasset" 208
"../../../Engine/Content/EditorMaterials/MatineeGroups/MAT_ColorTrack.uexp" 209
"../../../Engine/Content/EditorMaterials/MatineeGroups/MAT_Groups_Anim.uasset" 210
"../../../Engine/Content/EditorMaterials/MatineeGroups/MAT_Groups_Anim.uexp" 211
"../../../Engine/Content/EditorMaterials/MatineeGroups/MAT_Groups_AudioMaster.uasset" 212
"../../../Engine/Content/EditorMaterials/MatineeGroups/MAT_Groups_AudioMaster.uexp" 213
"../../../Engine/Content/EditorMaterials/MatineeGroups/MAT_Groups_Director.uasset" 214
"../../../Engine/Content/EditorMaterials/MatineeGroups/MAT_Groups_Director.uexp" 215
"../../../Engine/Content/EditorMaterials/MatineeGroups/MAT_Groups_Event.uasset" 216
"../../../Engine/Content/EditorMaterials/MatineeGroups/MAT_Groups_Event.uexp" 217
"../../../Engine/Content/EditorMaterials/MatineeGroups/MAT_Groups_Fade.uasset" 218
"../../../Engine/Content/EditorMaterials/MatineeGroups/MAT_Groups_Fade.uexp" 219
"../../../Engine/Content/EditorMaterials/MatineeGroups/MAT_Groups_Float.uasset" 220
"../../../Engine/Content/EditorMaterials/MatineeGroups/MAT_Groups_Float.uexp" 221
"../../../Engine/Content/EditorMaterials/MatineeGroups/MAT_Groups_Move.uasset" 222
"../../../Engine/Content/EditorMaterials/MatineeGroups/MAT_Groups_Move.uexp" 223
"../../../Engine/Content/EditorMaterials/MatineeGroups/MAT_Groups_Slomo.uasset" 224
"../../../Engine/Content/EditorMaterials/MatineeGroups/MAT_Groups_Slomo.uexp" 225
"../../../Engine/Content/EditorMaterials/MatineeGroups/MAT_Groups_Sound.uasset" 226
"../../../Engine/Content/EditorMaterials/MatineeGroups/MAT_Groups_Sound.uexp" 227
"../../../Engine/Content/EditorMaterials/MatineeGroups/MAT_Groups_Vector.uasset" 228
"../../../Engine/Content/EditorMaterials/MatineeGroups/MAT_Groups_Vector.uexp" 229
"../../../Engine/Content/EditorMaterials/ParticleSystems/PSysThumbnail_NoImage.uasset" 230
"../../../Engine/Content/EditorMaterials/ParticleSystems/PSysThumbnail_NoImage.uexp" 231
"../../../Engine/Content/EditorMaterials/ParticleSystems/PSysThumbnail_NoImage.ubulk" 232
"../../../Engine/Content/EditorMaterials/ParticleSystems/PSysThumbnail_OOD.uasset" 233
"../../../Engine/Content/EditorMaterials/ParticleSystems/PSysThumbnail_OOD.uexp" 234
"../../../Engine/Content/EditorMaterials/ParticleSystems/PSysThumbnail_OOD.ubulk" 235
"../../../Engine/Content/EngineMaterials/Grid.uasset" 236
"../../../Engine/Content/EngineMaterials/Grid.uexp" 237
"../../../Engine/Content/EngineMaterials/Grid.ubulk" 238
"../../../Engine/Content/EditorMaterials/Thumbnails/FloorPlaneMaterial.uasset" 239
"../../../Engine/Content/EditorMaterials/Thumbnails/FloorPlaneMaterial.uexp" 240
"../../../Engine/Content/EditorMeshes/EditorCube.uasset" 241
"../../../Engine/Content/EditorMeshes/EditorCube.uexp" 242
"../../../Engine/Content/EditorMeshes/EditorCylinder.uasset" 243
"../../../Engine/Content/EditorMeshes/EditorCylinder.uexp" 244
"../../../Engine/Content/EditorMeshes/EditorPlane.uasset" 245
"../../../Engine/Content/EditorMeshes/EditorPlane.uexp" 246
"../../../Engine/Content/EditorMaterials/Thumbnails/SkySphereMaterial.uasset" 247
"../../../Engine/Content/EditorMaterials/Thumbnails/SkySphereMaterial.uexp" 248
"../../../Engine/Content/EditorMeshes/EditorSkySphere.uasset" 249
"../../../Engine/Content/EditorMeshes/EditorSkySphere.uexp" 250
"../../../Engine/Content/EditorMeshes/EditorSphere.uasset" 251
"../../../Engine/Content/EditorMeshes/EditorSphere.uexp" 252
"../../../Engine/Content/EditorResources/MatineeCam_D.uasset" 253
"../../../Engine/Content/EditorResources/MatineeCam_D.uexp" 254
"../../../Engine/Content/EditorMaterials/MatineeCam_mat.uasset" 255
"../../../Engine/Content/EditorMaterials/MatineeCam_mat.uexp" 256
"../../../Engine/Content/EditorMeshes/MatineeCam_SM.uasset" 257
"../../../Engine/Content/EditorMeshes/MatineeCam_SM.uexp" 258
"../../../Engine/Content/EditorMeshes/PlanarReflectionPlane.uasset" 259
"../../../Engine/Content/EditorMeshes/PlanarReflectionPlane.uexp" 260
"../../../Engine/Content/EngineDebugMaterials/M_SimpleOpaque.uasset" 261
"../../../Engine/Content/EngineDebugMaterials/M_SimpleOpaque.uexp" 262
"../../../Engine/Content/EditorMaterials/Camera/MI_CineMat_CamViewFinder.uasset" 263
"../../../Engine/Content/EditorMaterials/Camera/MI_CineMat_CamViewFinder.uexp" 264
"../../../Engine/Content/EditorMaterials/Camera/CineMat.uasset" 265
"../../../Engine/Content/EditorMaterials/Camera/CineMat.uexp" 266
"../../../Engine/Content/EditorMaterials/Camera/MI_CineMat_CameraBody.uasset" 267
"../../../Engine/Content/EditorMaterials/Camera/MI_CineMat_CameraBody.uexp" 268
"../../../Engine/Content/EditorMeshes/Camera/SM_CineCam.uasset" 269
"../../../Engine/Content/EditorMeshes/Camera/SM_CineCam.uexp" 270
"../../../Engine/Content/EditorMaterials/Camera/MI_CineMat_Rig.uasset" 271
"../../../Engine/Content/EditorMaterials/Camera/MI_CineMat_Rig.uexp" 272
"../../../Engine/Content/EditorMeshes/Camera/SM_CraneRig_Arm.uasset" 273
"../../../Engine/Content/EditorMeshes/Camera/SM_CraneRig_Arm.uexp" 274
"../../../Engine/Content/EditorMeshes/Camera/SM_CraneRig_Base.uasset" 275
"../../../Engine/Content/EditorMeshes/Camera/SM_CraneRig_Base.uexp" 276
"../../../Engine/Content/EditorMeshes/Camera/SM_CraneRig_Body.uasset" 277
"../../../Engine/Content/EditorMeshes/Camera/SM_CraneRig_Body.uexp" 278
"../../../Engine/Content/EditorMeshes/Camera/SM_CraneRig_Mount.uasset" 279
"../../../Engine/Content/EditorMeshes/Camera/SM_CraneRig_Mount.uexp" 280
"../../../Engine/Content/EditorMeshes/Camera/SM_RailRig_Mount.uasset" 281
"../../../Engine/Content/EditorMeshes/Camera/SM_RailRig_Mount.uexp" 282
"../../../Engine/Content/EditorMeshes/Camera/SM_RailRig_Track.uasset" 283
"../../../Engine/Content/EditorMeshes/Camera/SM_RailRig_Track.uexp" 284
"../../../Engine/Content/EditorMeshes/ColorCalibrator/M_ChromeBall.uasset" 285
"../../../Engine/Content/EditorMeshes/ColorCalibrator/M_ChromeBall.uexp" 286
"../../../Engine/Content/EditorResources/Bad.uasset" 287
"../../../Engine/Content/EditorResources/Bad.uexp" 288
"../../../Engine/Content/EditorResources/Bad.ubulk" 289
"../../../Engine/Content/EditorResources/BSPVertex.uasset" 290
"../../../Engine/Content/EditorResources/BSPVertex.uexp" 291
"../../../Engine/Content/EditorResources/EmptyActor.uasset" 292
"../../../Engine/Content/EditorResources/EmptyActor.uexp" 293
"../../../Engine/Content/EditorResources/MatInstActSprite.uasset" 294
"../../../Engine/Content/EditorResources/MatInstActSprite.uexp" 295
"../../../Engine/Content/EditorResources/MatInstActSprite.ubulk" 296
"../../../Engine/Content/EditorResources/SceneManager.uasset" 297
"../../../Engine/Content/EditorResources/SceneManager.uexp" 298
"../../../Engine/Content/EditorResources/SceneManager.ubulk" 299
"../../../Engine/Content/EditorResources/SmallFont.uasset" 300
"../../../Engine/Content/EditorResources/SmallFont.uexp" 301
"../../../Engine/Content/EditorResources/S_Actor.uasset" 302
"../../../Engine/Content/EditorResources/S_Actor.uexp" 303
"../../../Engine/Content/EditorResources/S_Actor.ubulk" 304
"../../../Engine/Content/EditorResources/S_CameraShakeSource.uasset" 305
"../../../Engine/Content/EditorResources/S_CameraShakeSource.uexp" 306
"../../../Engine/Content/EditorResources/S_DecalActorIcon.uasset" 307
"../../../Engine/Content/EditorResources/S_DecalActorIcon.uexp" 308
"../../../Engine/Content/EditorResources/S_DecalActorIcon.ubulk" 309
"../../../Engine/Content/EditorResources/S_Emitter.uasset" 310
"../../../Engine/Content/EditorResources/S_Emitter.uexp" 311
"../../../Engine/Content/EditorResources/S_Emitter.ubulk" 312
"../../../Engine/Content/EditorResources/S_ExpoHeightFog.uasset" 313
"../../../Engine/Content/EditorResources/S_ExpoHeightFog.uexp" 314
"../../../Engine/Content/EditorResources/S_ExpoHeightFog.ubulk" 315
"../../../Engine/Content/EditorResources/S_FTest.uasset" 316
"../../../Engine/Content/EditorResources/S_FTest.uexp" 317
"../../../Engine/Content/EditorResources/S_KBSJoint.uasset" 318
"../../../Engine/Content/EditorResources/S_KBSJoint.uexp" 319
"../../../Engine/Content/EditorResources/S_KBSJoint.ubulk" 320
"../../../Engine/Content/EditorResources/S_KHinge.uasset" 321
"../../../Engine/Content/EditorResources/S_KHinge.uexp" 322
"../../../Engine/Content/EditorResources/S_KHinge.ubulk" 323
"../../../Engine/Content/EditorResources/S_KPrismatic.uasset" 324
"../../../Engine/Content/EditorResources/S_KPrismatic.uexp" 325
"../../../Engine/Content/EditorResources/S_KPrismatic.ubulk" 326
"../../../Engine/Content/EditorResources/S_LevelSequence.uasset" 327
"../../../Engine/Content/EditorResources/S_LevelSequence.uexp" 328
"../../../Engine/Content/EditorResources/S_LevelSequence.ubulk" 329
"../../../Engine/Content/EditorResources/S_NavP.uasset" 330
"../../../Engine/Content/EditorResources/S_NavP.uexp" 331
"../../../Engine/Content/EditorResources/S_NavP.ubulk" 332
"../../../Engine/Content/EditorResources/S_Note.uasset" 333
"../../../Engine/Content/EditorResources/S_Note.uexp" 334
"../../../Engine/Content/EditorResources/S_Note.ubulk" 335
"../../../Engine/Content/EditorResources/S_Player.uasset" 336
"../../../Engine/Content/EditorResources/S_Player.uexp" 337
"../../../Engine/Content/EditorResources/S_Player.ubulk" 338
"../../../Engine/Content/EditorResources/S_PortalActorIcon2.uasset" 339
"../../../Engine/Content/EditorResources/S_PortalActorIcon2.uexp" 340
"../../../Engine/Content/EditorResources/S_PortalActorIcon2.ubulk" 341
"../../../Engine/Content/EditorResources/S_RadForce.uasset" 342
"../../../Engine/Content/EditorResources/S_RadForce.uexp" 343
"../../../Engine/Content/EditorResources/S_RadForce.ubulk" 344
"../../../Engine/Content/EditorResources/S_ReflActorIcon.uasset" 345
"../../../Engine/Content/EditorResources/S_ReflActorIcon.uexp" 346
"../../../Engine/Content/EditorResources/S_ReflActorIcon.ubulk" 347
"../../../Engine/Content/EditorResources/S_SkyAtmosphere.uasset" 348
"../../../Engine/Content/EditorResources/S_SkyAtmosphere.uexp" 349
"../../../Engine/Content/EditorResources/S_SkyAtmosphere.ubulk" 350
"../../../Engine/Content/EditorResources/S_Solver.uasset" 351
"../../../Engine/Content/EditorResources/S_Solver.uexp" 352
"../../../Engine/Content/EditorResources/S_Solver.ubulk" 353
"../../../Engine/Content/EditorResources/S_Terrain.uasset" 354
"../../../Engine/Content/EditorResources/S_Terrain.uexp" 355
"../../../Engine/Content/EditorResources/S_Terrain.ubulk" 356
"../../../Engine/Content/EditorResources/S_TextRenderActorIcon.uasset" 357
"../../../Engine/Content/EditorResources/S_TextRenderActorIcon.uexp" 358
"../../../Engine/Content/EditorResources/S_TextRenderActorIcon.ubulk" 359
"../../../Engine/Content/EditorResources/S_Thruster.uasset" 360
"../../../Engine/Content/EditorResources/S_Thruster.uexp" 361
"../../../Engine/Content/EditorResources/S_Thruster.ubulk" 362
"../../../Engine/Content/EditorResources/S_Trigger.uasset" 363
"../../../Engine/Content/EditorResources/S_Trigger.uexp" 364
"../../../Engine/Content/EditorResources/S_Trigger.ubulk" 365
"../../../Engine/Content/EditorResources/S_VectorFieldVol.uasset" 366
"../../../Engine/Content/EditorResources/S_VectorFieldVol.uexp" 367
"../../../Engine/Content/EditorResources/S_VectorFieldVol.ubulk" 368
"../../../Engine/Content/EditorResources/S_VolumetricCloud.uasset" 369
"../../../Engine/Content/EditorResources/S_VolumetricCloud.uexp" 370
"../../../Engine/Content/EditorResources/S_VolumetricCloud.ubulk" 371
"../../../Engine/Content/EditorResources/S_WindDirectional.uasset" 372
"../../../Engine/Content/EditorResources/S_WindDirectional.uexp" 373
"../../../Engine/Content/EditorResources/S_WindDirectional.ubulk" 374
"../../../Engine/Content/EditorResources/AI/S_NavLink.uasset" 375
"../../../Engine/Content/EditorResources/AI/S_NavLink.uexp" 376
"../../../Engine/Content/EditorResources/AudioIcons/S_AudioComponent_AutoActivate.uasset" 377
"../../../Engine/Content/EditorResources/AudioIcons/S_AudioComponent_AutoActivate.uexp" 378
"../../../Engine/Content/EditorResources/AudioIcons/S_AudioComponent_AutoActivate.ubulk" 379
"../../../Engine/Content/EditorResources/LightIcons/SkyLight.uasset" 380
"../../../Engine/Content/EditorResources/LightIcons/SkyLight.uexp" 381
"../../../Engine/Content/EditorResources/LightIcons/S_LightDirectional.uasset" 382
"../../../Engine/Content/EditorResources/LightIcons/S_LightDirectional.uexp" 383
"../../../Engine/Content/EditorResources/LightIcons/S_LightDirectionalMove.uasset" 384
"../../../Engine/Content/EditorResources/LightIcons/S_LightDirectionalMove.uexp" 385
"../../../Engine/Content/EditorResources/LightIcons/S_LightError.uasset" 386
"../../../Engine/Content/EditorResources/LightIcons/S_LightError.uexp" 387
"../../../Engine/Content/EditorResources/LightIcons/S_LightPoint.uasset" 388
"../../../Engine/Content/EditorResources/LightIcons/S_LightPoint.uexp" 389
"../../../Engine/Content/EditorResources/LightIcons/S_LightPointMove.uasset" 390
"../../../Engine/Content/EditorResources/LightIcons/S_LightPointMove.uexp" 391
"../../../Engine/Content/EditorResources/LightIcons/S_LightSpot.uasset" 392
"../../../Engine/Content/EditorResources/LightIcons/S_LightSpot.uexp" 393
"../../../Engine/Content/EditorResources/LightIcons/S_LightSpotMove.uasset" 394
"../../../Engine/Content/EditorResources/LightIcons/S_LightSpotMove.uexp" 395
"../../../Engine/Content/EditorResources/SequenceRecorder/Countdown.uasset" 396
"../../../Engine/Content/EditorResources/SequenceRecorder/Countdown.uexp" 397
"../../../Engine/Content/EditorResources/SequenceRecorder/RecordingIndicator.uasset" 398
"../../../Engine/Content/EditorResources/SequenceRecorder/RecordingIndicator.uexp" 399
"../../../Engine/Content/EditorResources/Spline/T_Loft_Spline.uasset" 400
"../../../Engine/Content/EditorResources/Spline/T_Loft_Spline.uexp" 401
"../../../Engine/Content/EditorSounds/Notifications/CompileSuccess.uasset" 402
"../../../Engine/Content/EditorSounds/Notifications/CompileSuccess.uexp" 403
"../../../Engine/Content/EditorSounds/Notifications/CompileStart_Cue.uasset" 404
"../../../Engine/Content/EditorSounds/Notifications/CompileStart_Cue.uexp" 405
"../../../Engine/Content/EngineDamageTypes/DmgTypeBP_Environmental.uasset" 406
"../../../Engine/Content/EngineDamageTypes/DmgTypeBP_Environmental.uexp" 407
"../../../Engine/Content/EngineDebugMaterials/HeatmapGradient.uasset" 408
"../../../Engine/Content/EngineDebugMaterials/HeatmapGradient.uexp" 409
"../../../Engine/Content/EngineDebugMaterials/HeatmapGradient.ubulk" 410
"../../../Engine/Content/EngineDebugMaterials/BoneWeightMaterial.uasset" 411
"../../../Engine/Content/EngineDebugMaterials/BoneWeightMaterial.uexp" 412
"../../../Engine/Content/EngineDebugMaterials/ClothMaterial.uasset" 413
"../../../Engine/Content/EngineDebugMaterials/ClothMaterial.uexp" 414
"../../../Engine/Content/EngineDebugMaterials/ClothMaterial_WF.uasset" 415
"../../../Engine/Content/EngineDebugMaterials/ClothMaterial_WF.uexp" 416
"../../../Engine/Content/EngineDebugMaterials/DebugEditorMaterial.uasset" 417
"../../../Engine/Content/EngineDebugMaterials/DebugEditorMaterial.uexp" 418
"../../../Engine/Content/EngineDebugMaterials/DebugMeshMaterial.uasset" 419
"../../../Engine/Content/EngineDebugMaterials/DebugMeshMaterial.uexp" 420
"../../../Engine/Content/EngineDebugMaterials/GeomMaterial.uasset" 421
"../../../Engine/Content/EngineDebugMaterials/GeomMaterial.uexp" 422
"../../../Engine/Content/Functions/Engine_MaterialFunctions01/Shading/ConvertFromDiffSpec.uasset" 423
"../../../Engine/Content/Functions/Engine_MaterialFunctions01/Shading/ConvertFromDiffSpec.uexp" 424
"../../../Engine/Content/EngineDebugMaterials/LevelColorationLitMaterial.uasset" 425
"../../../Engine/Content/EngineDebugMaterials/LevelColorationLitMaterial.uexp" 426
"../../../Engine/Content/EngineDebugMaterials/LevelColorationUnlitMaterial.uasset" 427
"../../../Engine/Content/EngineDebugMaterials/LevelColorationUnlitMaterial.uexp" 428
"../../../Engine/Content/EngineMaterials/DefaultWhiteGrid.uasset" 429
"../../../Engine/Content/EngineMaterials/DefaultWhiteGrid.uexp" 430
"../../../Engine/Content/EngineMaterials/DefaultWhiteGrid.ubulk" 431
"../../../Engine/Content/EngineDebugMaterials/MAT_LevelColorationLitLightmapUV.uasset" 432
"../../../Engine/Content/EngineDebugMaterials/MAT_LevelColorationLitLightmapUV.uexp" 433
"../../../Engine/Content/EngineDebugMaterials/M_SimpleUnlitTranslucent.uasset" 434
"../../../Engine/Content/EngineDebugMaterials/M_SimpleUnlitTranslucent.uexp" 435
"../../../Engine/Content/EngineDebugMaterials/VolumeToRender.uasset" 436
"../../../Engine/Content/EngineDebugMaterials/VolumeToRender.uexp" 437
"../../../Engine/Content/Functions/Engine_MaterialFunctions02/Utility/CameraDirectionVector.uasset" 438
"../../../Engine/Content/Functions/Engine_MaterialFunctions02/Utility/CameraDirectionVector.uexp" 439
"../../../Engine/Content/EngineDebugMaterials/M_VolumeRenderSphereTracePP.uasset" 440
"../../../Engine/Content/EngineDebugMaterials/M_VolumeRenderSphereTracePP.uexp" 441
"../../../Engine/Content/EngineMaterials/DefaultWhiteGrid_Low.uasset" 442
"../../../Engine/Content/EngineMaterials/DefaultWhiteGrid_Low.uexp" 443
"../../../Engine/Content/EngineDebugMaterials/PhysicalMaterialMaskMaterial.uasset" 444
"../../../Engine/Content/EngineDebugMaterials/PhysicalMaterialMaskMaterial.uexp" 445
"../../../Engine/Content/EngineDebugMaterials/ShadedLevelColorationLitMaterial.uasset" 446
"../../../Engine/Content/EngineDebugMaterials/ShadedLevelColorationLitMaterial.uexp" 447
"../../../Engine/Content/EngineDebugMaterials/ShadedLevelColorationUnlitMateri.uasset" 448
"../../../Engine/Content/EngineDebugMaterials/ShadedLevelColorationUnlitMateri.uexp" 449
"../../../Engine/Content/EngineDebugMaterials/VertexColorMaterial.uasset" 450
"../../../Engine/Content/EngineDebugMaterials/VertexColorMaterial.uexp" 451
"../../../Engine/Content/EngineDebugMaterials/VertexColorViewMode_AlphaAsColor.uasset" 452
"../../../Engine/Content/EngineDebugMaterials/VertexColorViewMode_AlphaAsColor.uexp" 453
"../../../Engine/Content/EngineDebugMaterials/VertexColorViewMode_BlueOnly.uasset" 454
"../../../Engine/Content/EngineDebugMaterials/VertexColorViewMode_BlueOnly.uexp" 455
"../../../Engine/Content/EngineDebugMaterials/VertexColorViewMode_ColorOnly.uasset" 456
"../../../Engine/Content/EngineDebugMaterials/VertexColorViewMode_ColorOnly.uexp" 457
"../../../Engine/Content/EngineDebugMaterials/VertexColorViewMode_GreenOnly.uasset" 458
"../../../Engine/Content/EngineDebugMaterials/VertexColorViewMode_GreenOnly.uexp" 459
"../../../Engine/Content/EngineDebugMaterials/VertexColorViewMode_RedOnly.uasset" 460
"../../../Engine/Content/EngineDebugMaterials/VertexColorViewMode_RedOnly.uexp" 461
"../../../Engine/Content/EngineDebugMaterials/WireframeMaterial.uasset" 462
"../../../Engine/Content/EngineDebugMaterials/WireframeMaterial.uexp" 463
"../../../Engine/Content/EngineFonts/Faces/RobotoRegular.uasset" 464
"../../../Engine/Content/EngineFonts/Faces/RobotoRegular.uexp" 465
"../../../Engine/Content/EngineFonts/Faces/RobotoRegular.ufont" 466
"../../../Engine/Content/EngineFonts/Faces/RobotoLight.uasset" 467
"../../../Engine/Content/EngineFonts/Faces/RobotoLight.uexp" 468
"../../../Engine/Content/EngineFonts/Faces/RobotoLight.ufont" 469
"../../../Engine/Content/EngineFonts/Faces/RobotoItalic.uasset" 470
"../../../Engine/Content/EngineFonts/Faces/RobotoItalic.uexp" 471
"../../../Engine/Content/EngineFonts/Faces/RobotoItalic.ufont" 472
"../../../Engine/Content/EngineFonts/Faces/RobotoBoldItalic.uasset" 473
"../../../Engine/Content/EngineFonts/Faces/RobotoBoldItalic.uexp" 474
"../../../Engine/Content/EngineFonts/Faces/RobotoBoldItalic.ufont" 475
"../../../Engine/Content/EngineFonts/Faces/RobotoBold.uasset" 476
"../../../Engine/Content/EngineFonts/Faces/RobotoBold.uexp" 477
"../../../Engine/Content/EngineFonts/Faces/RobotoBold.ufont" 478
"../../../Engine/Content/EngineFonts/Faces/DroidSansFallback.uasset" 479
"../../../Engine/Content/EngineFonts/Faces/DroidSansFallback.uexp" 480
"../../../Engine/Content/EngineFonts/Faces/DroidSansFallback.ufont" 481
"../../../Engine/Content/EngineFonts/Roboto.uasset" 482
"../../../Engine/Content/EngineFonts/Roboto.uexp" 483
"../../../Engine/Content/EngineFonts/Faces/RobotoTiny.uasset" 484
"../../../Engine/Content/EngineFonts/Faces/RobotoTiny.uexp" 485
"../../../Engine/Content/EngineFonts/Faces/RobotoTiny.ufont" 486
"../../../Engine/Content/EngineFonts/RobotoTiny.uasset" 487
"../../../Engine/Content/EngineFonts/RobotoTiny.uexp" 488
"../../../Engine/Content/EngineFonts/SmallFont.uasset" 489
"../../../Engine/Content/EngineFonts/SmallFont.uexp" 490
"../../../Engine/Content/EngineFonts/TinyFont.uasset" 491
"../../../Engine/Content/EngineFonts/TinyFont.uexp" 492
"../../../Engine/Content/EngineMaterials/BaseFlattenNormalMap.uasset" 493
"../../../Engine/Content/EngineMaterials/BaseFlattenNormalMap.uexp" 494
"../../../Engine/Content/EngineMaterials/BaseFlattenGrayscaleMap.uasset" 495
"../../../Engine/Content/EngineMaterials/BaseFlattenGrayscaleMap.uexp" 496
"../../../Engine/Content/EngineMaterials/BaseFlattenEmissiveMap.uasset" 497
"../../../Engine/Content/EngineMaterials/BaseFlattenEmissiveMap.uexp" 498
"../../../Engine/Content/EngineMaterials/BaseFlattenDiffuseMap.uasset" 499
"../../../Engine/Content/EngineMaterials/BaseFlattenDiffuseMap.uexp" 500
"../../../Engine/Content/EngineMaterials/BaseFlattenMaterial.uasset" 501
"../../../Engine/Content/EngineMaterials/BaseFlattenMaterial.uexp" 502
"../../../Engine/Content/EngineResources/WhiteSquareTexture.uasset" 503
"../../../Engine/Content/EngineResources/WhiteSquareTexture.uexp" 504
"../../../Engine/Content/EngineMaterials/BlinkingCaret.uasset" 505
"../../../Engine/Content/EngineMaterials/BlinkingCaret.uexp" 506
"../../../Engine/Content/EngineMaterials/BlueNoise.uasset" 507
"../../../Engine/Content/EngineMaterials/BlueNoise.uexp" 508
"../../../Engine/Content/EngineMaterials/DefaultBloomKernel.uasset" 509
"../../../Engine/Content/EngineMaterials/DefaultBloomKernel.uexp" 510
"../../../Engine/Content/EngineMaterials/DefaultBokeh.uasset" 511
"../../../Engine/Content/EngineMaterials/DefaultBokeh.uexp" 512
"../../../Engine/Content/EngineMaterials/DefaultDeferredDecalMaterial.uasset" 513
"../../../Engine/Content/EngineMaterials/DefaultDeferredDecalMaterial.uexp" 514
"../../../Engine/Content/EngineMaterials/DefaultLightFunctionMaterial.uasset" 515
"../../../Engine/Content/EngineMaterials/DefaultLightFunctionMaterial.uexp" 516
"../../../Engine/Content/EngineMaterials/DefaultNormal.uasset" 517
"../../../Engine/Content/EngineMaterials/DefaultNormal.uexp" 518
"../../../Engine/Content/EngineMaterials/DefaultNormal.ubulk" 519
"../../../Engine/Content/EngineMaterials/DefaultPostProcessMaterial.uasset" 520
"../../../Engine/Content/EngineMaterials/DefaultPostProcessMaterial.uexp" 521
"../../../Engine/Content/EngineFonts/RobotoDistanceField.uasset" 522
"../../../Engine/Content/EngineFonts/RobotoDistanceField.uexp" 523
"../../../Engine/Content/EngineMaterials/DefaultTextMaterialOpaque.uasset" 524
"../../../Engine/Content/EngineMaterials/DefaultTextMaterialOpaque.uexp" 525
"../../../Engine/Content/EngineMaterials/EditorBrushMaterial.uasset" 526
"../../../Engine/Content/EngineMaterials/EditorBrushMaterial.uexp" 527
"../../../Engine/Content/EngineMaterials/EmissiveMeshMaterial.uasset" 528
"../../../Engine/Content/EngineMaterials/EmissiveMeshMaterial.uexp" 529
"../../../Engine/Content/EngineMaterials/GizmoMaterial.uasset" 530
"../../../Engine/Content/EngineMaterials/GizmoMaterial.uexp" 531
"../../../Engine/Content/EngineMaterials/Good64x64TilingNoiseHighFreq.uasset" 532
"../../../Engine/Content/EngineMaterials/Good64x64TilingNoiseHighFreq.uexp" 533
"../../../Engine/Content/EngineMaterials/Grid_N.uasset" 534
"../../../Engine/Content/EngineMaterials/Grid_N.uexp" 535
"../../../Engine/Content/EngineMaterials/Grid_N.ubulk" 536
"../../../Engine/Content/EngineMaterials/HighResolutionScreenshotMaskFunction.uasset" 537
"../../../Engine/Content/EngineMaterials/HighResolutionScreenshotMaskFunction.uexp" 538
"../../../Engine/Content/EngineMaterials/HighResScreenshot.uasset" 539
"../../../Engine/Content/EngineMaterials/HighResScreenshot.uexp" 540
"../../../Engine/Content/EngineMaterials/HighResScreenshotCaptureRegion.uasset" 541
"../../../Engine/Content/EngineMaterials/HighResScreenshotCaptureRegion.uexp" 542
"../../../Engine/Content/EngineMaterials/HighResScreenshotMask.uasset" 543
"../../../Engine/Content/EngineMaterials/HighResScreenshotMask.uexp" 544
"../../../Engine/Content/EngineMaterials/LandscapeHolePhysicalMaterial.uasset" 545
"../../../Engine/Content/EngineMaterials/LandscapeHolePhysicalMaterial.uexp" 546
"../../../Engine/Content/EngineMaterials/InvalidLightmapSettings.uasset" 547
"../../../Engine/Content/EngineMaterials/InvalidLightmapSettings.uexp" 548
"../../../Engine/Content/EngineMaterials/InvalidLightmapSettings.ubulk" 549
"../../../Engine/Content/EngineMaterials/M_InvalidLightmapSettings.uasset" 550
"../../../Engine/Content/EngineMaterials/M_InvalidLightmapSettings.uexp" 551
"../../../Engine/Content/EngineMaterials/PaperDiffuse.uasset" 552
"../../../Engine/Content/EngineMaterials/PaperDiffuse.uexp" 553
"../../../Engine/Content/EngineMaterials/PaperNormal.uasset" 554
"../../../Engine/Content/EngineMaterials/PaperNormal.uexp" 555
"../../../Engine/Content/Functions/Engine_MaterialFunctions02/WorldPositionOffset/CameraOffset.uasset" 556
"../../../Engine/Content/Functions/Engine_MaterialFunctions02/WorldPositionOffset/CameraOffset.uexp" 557
"../../../Engine/Content/EngineMaterials/PhAT_JointLimitMaterial.uasset" 558
"../../../Engine/Content/EngineMaterials/PhAT_JointLimitMaterial.uexp" 559
"../../../Engine/Content/EngineMaterials/PhysMat_Rubber.uasset" 560
"../../../Engine/Content/EngineMaterials/PhysMat_Rubber.uexp" 561
"../../../Engine/Content/EngineMaterials/DefaultCalibrationColor.uasset" 562
"../../../Engine/Content/EngineMaterials/DefaultCalibrationColor.uexp" 563
"../../../Engine/Content/EngineMaterials/PPM_DefaultCalibrationColor.uasset" 564
"../../../Engine/Content/EngineMaterials/PPM_DefaultCalibrationColor.uexp" 565
"../../../Engine/Content/EngineMaterials/DefaultCalibrationGrayscale.uasset" 566
"../../../Engine/Content/EngineMaterials/DefaultCalibrationGrayscale.uexp" 567
"../../../Engine/Content/EngineMaterials/PPM_DefaultCalibrationGrayscale.uasset" 568
"../../../Engine/Content/EngineMaterials/PPM_DefaultCalibrationGrayscale.uexp" 569
"../../../Engine/Content/EngineMaterials/PreintegratedSkinBRDF.uasset" 570
"../../../Engine/Content/EngineMaterials/PreintegratedSkinBRDF.uexp" 571
"../../../Engine/Content/EngineMaterials/RemoveSurfaceMaterial.uasset" 572
"../../../Engine/Content/EngineMaterials/RemoveSurfaceMaterial.uexp" 573
"../../../Engine/Content/EngineMaterials/WeightMapPlaceholderTexture.uasset" 574
"../../../Engine/Content/EngineMaterials/WeightMapPlaceholderTexture.uexp" 575
"../../../Engine/Content/Functions/Engine_MaterialFunctions01/ImageAdjustment/sRGBToLinear.uasset" 576
"../../../Engine/Content/Functions/Engine_MaterialFunctions01/ImageAdjustment/sRGBToLinear.uexp" 577
"../../../Engine/Content/Functions/Engine_MaterialFunctions02/Utility/BreakOutFloat3Components.uasset" 578
"../../../Engine/Content/Functions/Engine_MaterialFunctions02/Utility/BreakOutFloat3Components.uexp" 579
"../../../Engine/Content/EngineMaterials/Widget3DCameraPassThrough_Opaque_OneSided.uasset" 580
"../../../Engine/Content/EngineMaterials/Widget3DCameraPassThrough_Opaque_OneSided.uexp" 581
"../../../Engine/Content/EngineMaterials/Widget3DPassThrough.uasset" 582
"../../../Engine/Content/EngineMaterials/Widget3DPassThrough.uexp" 583
"../../../Engine/Content/EngineMaterials/Widget3DPassThrough_Masked.uasset" 584
"../../../Engine/Content/EngineMaterials/Widget3DPassThrough_Masked.uexp" 585
"../../../Engine/Content/EngineMaterials/Widget3DPassThrough_Opaque.uasset" 586
"../../../Engine/Content/EngineMaterials/Widget3DPassThrough_Opaque.uexp" 587
"../../../Engine/Content/EngineMaterials/Widget3DPassThrough_Masked_OneSided.uasset" 588
"../../../Engine/Content/EngineMaterials/Widget3DPassThrough_Masked_OneSided.uexp" 589
"../../../Engine/Content/EngineMaterials/Widget3DPassThrough_Opaque_OneSided.uasset" 590
"../../../Engine/Content/EngineMaterials/Widget3DPassThrough_Opaque_OneSided.uexp" 591
"../../../Engine/Content/EngineMaterials/Widget3DPassThrough_Translucent.uasset" 592
"../../../Engine/Content/EngineMaterials/Widget3DPassThrough_Translucent.uexp" 593
"../../../Engine/Content/EngineMaterials/Widget3DPassThrough_Translucent_OneSided.uasset" 594
"../../../Engine/Content/EngineMaterials/Widget3DPassThrough_Translucent_OneSided.uexp" 595
"../../../Engine/Content/EngineMeshes/Cylinder.uasset" 596
"../../../Engine/Content/EngineMeshes/Cylinder.uexp" 597
"../../../Engine/Content/EngineMeshes/Sphere.uasset" 598
"../../../Engine/Content/EngineMeshes/Sphere.uexp" 599
"../../../Engine/Content/EngineResources/DefaultTexture.uasset" 600
"../../../Engine/Content/EngineResources/DefaultTexture.uexp" 601
"../../../Engine/Content/EngineResources/DefaultTexture.ubulk" 602
"../../../Engine/Content/EngineResources/DefaultTextureCube.uasset" 603
"../../../Engine/Content/EngineResources/DefaultTextureCube.uexp" 604
"../../../Engine/Content/EngineResources/DefaultVolumeTexture2D.uasset" 605
"../../../Engine/Content/EngineResources/DefaultVolumeTexture2D.uexp" 606
"../../../Engine/Content/EngineResources/DefaultVolumeTexture.uasset" 607
"../../../Engine/Content/EngineResources/DefaultVolumeTexture.uexp" 608
"../../../Engine/Content/EngineResources/GradientTexture0.uasset" 609
"../../../Engine/Content/EngineResources/GradientTexture0.uexp" 610
"../../../Engine/Content/EngineResources/StreamingPauseIcon.uasset" 611
"../../../Engine/Content/EngineResources/StreamingPauseIcon.uexp" 612
"../../../Engine/Content/EngineResources/M_StreamingPause.uasset" 613
"../../../Engine/Content/EngineResources/M_StreamingPause.uexp" 614
"../../../Engine/Content/EngineSky/VolumetricClouds/T_NoiseShape64.uasset" 615
"../../../Engine/Content/EngineSky/VolumetricClouds/T_NoiseShape64.uexp" 616
"../../../Engine/Content/EngineSky/VolumetricClouds/T_NoiseShape64.ubulk" 617
"../../../Engine/Content/EngineSky/VolumetricClouds/T_VolumeNoiseShape64.uasset" 618
"../../../Engine/Content/EngineSky/VolumetricClouds/T_VolumeNoiseShape64.uexp" 619
"../../../Engine/Content/EngineSky/VolumetricClouds/T_NoiseErosion.uasset" 620
"../../../Engine/Content/EngineSky/VolumetricClouds/T_NoiseErosion.uexp" 621
"../../../Engine/Content/EngineSky/VolumetricClouds/T_NoiseErosion.ubulk" 622
"../../../Engine/Content/EngineSky/VolumetricClouds/T_VolumeNoiseErosion32.uasset" 623
"../../../Engine/Content/EngineSky/VolumetricClouds/T_VolumeNoiseErosion32.uexp" 624
"../../../Engine/Content/EngineSky/VolumetricClouds/CloudWeatherTexture.uasset" 625
"../../../Engine/Content/EngineSky/VolumetricClouds/CloudWeatherTexture.uexp" 626
"../../../Engine/Content/EngineSky/VolumetricClouds/CloudGradientTexture.uasset" 627
"../../../Engine/Content/EngineSky/VolumetricClouds/CloudGradientTexture.uexp" 628
"../../../Engine/Content/EngineSky/VolumetricClouds/m_SimpleVolumetricCloud.uasset" 629
"../../../Engine/Content/EngineSky/VolumetricClouds/m_SimpleVolumetricCloud.uexp" 630
"../../../Engine/Content/EngineSky/VolumetricClouds/m_SimpleVolumetricCloud_Inst.uasset" 631
"../../../Engine/Content/EngineSky/VolumetricClouds/m_SimpleVolumetricCloud_Inst.uexp" 632
"../../../Engine/Content/EngineSounds/Master.uasset" 633
"../../../Engine/Content/EngineSounds/Master.uexp" 634
"../../../Engine/Content/Functions/Engine_MaterialFunctions01/Shading/PowerToRoughness.uasset" 635
"../../../Engine/Content/Functions/Engine_MaterialFunctions01/Shading/PowerToRoughness.uexp" 636
"../../../Engine/Content/Maps/Templates/Thumbnails/Default.uasset" 637
"../../../Engine/Content/Maps/Templates/Thumbnails/Default.uexp" 638
"../../../Engine/Content/Maps/Templates/Thumbnails/TimeOfDay.uasset" 639
"../../../Engine/Content/Maps/Templates/Thumbnails/TimeOfDay.uexp" 640
"../../../Engine/Content/Maps/Templates/Thumbnails/VR-Basic.uasset" 641
"../../../Engine/Content/Maps/Templates/Thumbnails/VR-Basic.uexp" 642
"../../../Engine/Content/MapTemplates/Sky/DaylightAmbientCubemap.uasset" 643
"../../../Engine/Content/MapTemplates/Sky/DaylightAmbientCubemap.uexp" 644
"../../../Engine/Content/MobileResources/T_MobileControls_texture.uasset" 645
"../../../Engine/Content/MobileResources/T_MobileControls_texture.uexp" 646
"../../../Engine/Content/MobileResources/T_MobileMenu2.uasset" 647
"../../../Engine/Content/MobileResources/T_MobileMenu2.uexp" 648
"../../../Engine/Content/MobileResources/HUD/AnalogHat.uasset" 649
"../../../Engine/Content/MobileResources/HUD/AnalogHat.uexp" 650
"../../../Engine/Content/MobileResources/HUD/VirtualJoystick_Thumb.uasset" 651
"../../../Engine/Content/MobileResources/HUD/VirtualJoystick_Thumb.uexp" 652
"../../../Engine/Content/MobileResources/HUD/VirtualJoystick_Background.uasset" 653
"../../../Engine/Content/MobileResources/HUD/VirtualJoystick_Background.uexp" 654
"../../../Engine/Content/MobileResources/HUD/DefaultVirtualJoysticks.uasset" 655
"../../../Engine/Content/MobileResources/HUD/DefaultVirtualJoysticks.uexp" 656
"../../../Engine/Content/MobileResources/HUD/LeftVirtualJoystickOnly.uasset" 657
"../../../Engine/Content/MobileResources/HUD/LeftVirtualJoystickOnly.uexp" 658
"../../../Engine/Content/MobileResources/HUD/MobileHUDButton1_off.uasset" 659
"../../../Engine/Content/MobileResources/HUD/MobileHUDButton1_off.uexp" 660
"../../../Engine/Content/MobileResources/HUD/MobileHUDButton1_on.uasset" 661
"../../../Engine/Content/MobileResources/HUD/MobileHUDButton1_on.uexp" 662
"../../../Engine/Content/MobileResources/HUD/MobileHUDButton2_off.uasset" 663
"../../../Engine/Content/MobileResources/HUD/MobileHUDButton2_off.uexp" 664
"../../../Engine/Content/MobileResources/HUD/MobileHUDButton2_on.uasset" 665
"../../../Engine/Content/MobileResources/HUD/MobileHUDButton2_on.uexp" 666
"../../../Engine/Content/MobileResources/HUD/MobileHUDButton3.uasset" 667
"../../../Engine/Content/MobileResources/HUD/MobileHUDButton3.uexp" 668
"../../../Engine/Content/MobileResources/HUD/MobileHUDButtonFire.uasset" 669
"../../../Engine/Content/MobileResources/HUD/MobileHUDButtonFire.uexp" 670
"../../../Engine/Content/MobileResources/HUD/MobileHUDDirectionPad.uasset" 671
"../../../Engine/Content/MobileResources/HUD/MobileHUDDirectionPad.uexp" 672
"../../../Engine/Content/MobileResources/HUD/MobileHUDDirectionPad2.uasset" 673
"../../../Engine/Content/MobileResources/HUD/MobileHUDDirectionPad2.uexp" 674
"../../../Engine/Content/MobileResources/HUD/MobileHUDDirectionPad3.uasset" 675
"../../../Engine/Content/MobileResources/HUD/MobileHUDDirectionPad3.uexp" 676
"../../../Engine/Content/MobileResources/HUD/MobileHUDDirectionStick.uasset" 677
"../../../Engine/Content/MobileResources/HUD/MobileHUDDirectionStick.uexp" 678
"../../../Engine/Content/MobileResources/HUD/T_Castle_ThumbstickInner.uasset" 679
"../../../Engine/Content/MobileResources/HUD/T_Castle_ThumbstickInner.uexp" 680
"../../../Engine/Content/MobileResources/HUD/T_Castle_ThumbstickOutter.uasset" 681
"../../../Engine/Content/MobileResources/HUD/T_Castle_ThumbstickOutter.uexp" 682
"../../../Engine/Content/Tutorial/ContentIntroCurve.uasset" 683
"../../../Engine/Content/Tutorial/ContentIntroCurve.uexp" 684
"../../../Engine/Content/Tutorial/Basics/TutorialAssets/icon_tab_Levels_40x.uasset" 685
"../../../Engine/Content/Tutorial/Basics/TutorialAssets/icon_tab_Levels_40x.uexp" 686
"../../../Engine/Content/Tutorial/BlueprintTutorials/TutorialAssets/Blueprint_64x.uasset" 687
"../../../Engine/Content/Tutorial/BlueprintTutorials/TutorialAssets/Blueprint_64x.uexp" 688
"../../../Engine/Content/Tutorial/SubEditors/TutorialAssets/TutorialMaterial.uasset" 689
"../../../Engine/Content/Tutorial/SubEditors/TutorialAssets/TutorialMaterial.uexp" 690
"../../../Engine/Content/VREditor/TransformGizmo/TranslucentTransformGizmoMaterial.uasset" 691
"../../../Engine/Content/VREditor/TransformGizmo/TranslucentTransformGizmoMaterial.uexp" 692
"../../../Engine/Content/VREditor/LaserPointer/VR_LaserPower_01.uasset" 693
"../../../Engine/Content/VREditor/LaserPointer/VR_LaserPower_01.uexp" 694
"../../../Engine/Content/VREditor/LaserPointer/VR_LaserPower_01.ubulk" 695
"../../../Engine/Content/VREditor/TransformGizmo/TransformGizmoMaterial.uasset" 696
"../../../Engine/Content/VREditor/TransformGizmo/TransformGizmoMaterial.uexp" 697
"../../../Engine/Content/VREditor/TransformGizmo/BoundingBoxCorner.uasset" 698
"../../../Engine/Content/VREditor/TransformGizmo/BoundingBoxCorner.uexp" 699
"../../../Engine/Content/VREditor/TransformGizmo/BoundingBoxEdge.uasset" 700
"../../../Engine/Content/VREditor/TransformGizmo/BoundingBoxEdge.uexp" 701
"../../../Engine/Content/VREditor/TransformGizmo/PlaneTranslationHandle.uasset" 702
"../../../Engine/Content/VREditor/TransformGizmo/PlaneTranslationHandle.uexp" 703
"../../../Engine/Content/VREditor/TransformGizmo/Xray.uasset" 704
"../../../Engine/Content/VREditor/TransformGizmo/Xray.uexp" 705
"../../../Engine/Content/VREditor/TransformGizmo/Main.uasset" 706
"../../../Engine/Content/VREditor/TransformGizmo/Main.uexp" 707
"../../../Engine/Content/VREditor/TransformGizmo/SM_Sequencer_Key.uasset" 708
"../../../Engine/Content/VREditor/TransformGizmo/SM_Sequencer_Key.uexp" 709
"../../../Engine/Content/VREditor/TransformGizmo/SM_Sequencer_Node.uasset" 710
"../../../Engine/Content/VREditor/TransformGizmo/SM_Sequencer_Node.uexp" 711
"../../../Engine/Plugins/2D/Paper2D/Content/PlaceholderTextures/DummySpriteTexture.uasset" 712
"../../../Engine/Plugins/2D/Paper2D/Content/PlaceholderTextures/DummySpriteTexture.uexp" 713
"../../../Engine/Plugins/2D/Paper2D/Content/PlaceholderTextures/DummySpriteTexture.ubulk" 714
"../../../Engine/Plugins/2D/Paper2D/Content/DummySprite.uasset" 715
"../../../Engine/Plugins/2D/Paper2D/Content/DummySprite.uexp" 716
"../../../Engine/Plugins/2D/Paper2D/Content/DefaultPaperTerrainMaterial.uasset" 717
"../../../Engine/Plugins/2D/Paper2D/Content/DefaultPaperTerrainMaterial.uexp" 718
"../../../Engine/Plugins/2D/Paper2D/Content/DefaultSpriteMaterial.uasset" 719
"../../../Engine/Plugins/2D/Paper2D/Content/DefaultSpriteMaterial.uexp" 720
"../../../Engine/Plugins/2D/Paper2D/Content/MaskedUnlitSpriteMaterial.uasset" 721
"../../../Engine/Plugins/2D/Paper2D/Content/MaskedUnlitSpriteMaterial.uexp" 722
"../../../Engine/Plugins/2D/Paper2D/Content/OpaqueUnlitSpriteMaterial.uasset" 723
"../../../Engine/Plugins/2D/Paper2D/Content/OpaqueUnlitSpriteMaterial.uexp" 724
"../../../Engine/Plugins/FX/Niagara/Content/Enums/ENiagaraRandomnessMode.uasset" 725
"../../../Engine/Plugins/FX/Niagara/Content/Enums/ENiagaraRandomnessMode.uexp" 726
"../../../Engine/Plugins/FX/Niagara/Content/Icons/S_ParticleSystem.uasset" 727
"../../../Engine/Plugins/FX/Niagara/Content/Icons/S_ParticleSystem.uexp" 728
"../../../Engine/Plugins/FX/Niagara/Content/Icons/S_ParticleSystem.ubulk" 729
"../../../Engine/Plugins/Editor/SpeedTreeImporter/Content/SpeedTree9/UnpackInteger3.uasset" 730
"../../../Engine/Plugins/Editor/SpeedTreeImporter/Content/SpeedTree9/UnpackInteger3.uexp" 731
"../../../Engine/Plugins/Editor/SpeedTreeImporter/Content/SpeedTree9/UnpackDirection.uasset" 732
"../../../Engine/Plugins/Editor/SpeedTreeImporter/Content/SpeedTree9/UnpackDirection.uexp" 733
"../../../Engine/Plugins/Editor/SpeedTreeImporter/Content/SpeedTree9/game_wind_noise.uasset" 734
"../../../Engine/Plugins/Editor/SpeedTreeImporter/Content/SpeedTree9/game_wind_noise.uexp" 735
"../../../Engine/Plugins/Editor/SpeedTreeImporter/Content/SpeedTree9/game_wind_noise.ubulk" 736
"../../../Engine/Content/Functions/Engine_MaterialFunctions02/SafeNormalize.uasset" 737
"../../../Engine/Content/Functions/Engine_MaterialFunctions02/SafeNormalize.uexp" 738
"../../../Engine/Plugins/Editor/SpeedTreeImporter/Content/SpeedTree9/SpeedTreeWindMotion.uasset" 739
"../../../Engine/Plugins/Editor/SpeedTreeImporter/Content/SpeedTree9/SpeedTreeWindMotion.uexp" 740
"../../../Engine/Plugins/Editor/SpeedTreeImporter/Content/SpeedTree9/SpeedTreeBranchMotion.uasset" 741
"../../../Engine/Plugins/Editor/SpeedTreeImporter/Content/SpeedTree9/SpeedTreeBranchMotion.uexp" 742
"../../../Engine/Content/Functions/Engine_MaterialFunctions02/ObjectLocalBounds.uasset" 743
"../../../Engine/Content/Functions/Engine_MaterialFunctions02/ObjectLocalBounds.uexp" 744
"../../../Engine/Content/Functions/Engine_MaterialFunctions02/UVs/BoundingBoxBased_0-1_UVW.uasset" 745
"../../../Engine/Content/Functions/Engine_MaterialFunctions02/UVs/BoundingBoxBased_0-1_UVW.uexp" 746
"../../../Engine/Content/Functions/Engine_MaterialFunctions02/WorldPositionOffset/ObjectScale.uasset" 747
"../../../Engine/Content/Functions/Engine_MaterialFunctions02/WorldPositionOffset/ObjectScale.uexp" 748
"../../../Engine/Plugins/Editor/SpeedTreeImporter/Content/SpeedTree9/SpeedTreeWind.uasset" 749
"../../../Engine/Plugins/Editor/SpeedTreeImporter/Content/SpeedTree9/SpeedTreeWind.uexp" 750
"../../../Engine/Plugins/Editor/SpeedTreeImporter/Content/SpeedTree9/SpeedTreeBillboard.uasset" 751
"../../../Engine/Plugins/Editor/SpeedTreeImporter/Content/SpeedTree9/SpeedTreeBillboard.uexp" 752
"../../../Engine/Plugins/Editor/SpeedTreeImporter/Content/SpeedTree9/EmptyNormal.uasset" 753
"../../../Engine/Plugins/Editor/SpeedTreeImporter/Content/SpeedTree9/EmptyNormal.uexp" 754
"../../../Engine/Plugins/Editor/SpeedTreeImporter/Content/SpeedTree9/Empty.uasset" 755
"../../../Engine/Plugins/Editor/SpeedTreeImporter/Content/SpeedTree9/Empty.uexp" 756
"../../../Engine/Plugins/Editor/SpeedTreeImporter/Content/SpeedTree9/SpeedTreeBillboardMaster.uasset" 757
"../../../Engine/Plugins/Editor/SpeedTreeImporter/Content/SpeedTree9/SpeedTreeBillboardMaster.uexp" 758
"../../../Engine/Plugins/Editor/SpeedTreeImporter/Content/SpeedTree9/SpeedTreeCameraFacing.uasset" 759
"../../../Engine/Plugins/Editor/SpeedTreeImporter/Content/SpeedTree9/SpeedTreeCameraFacing.uexp" 760
"../../../Engine/Plugins/Editor/SpeedTreeImporter/Content/SpeedTree9/SpeedTreeMaster.uasset" 761
"../../../Engine/Plugins/Editor/SpeedTreeImporter/Content/SpeedTree9/SpeedTreeMaster.uexp" 762
"../../../Engine/Content/ArtTools/RenderToTexture/Materials/Debug/M_Emissive_Color.uasset" 763
"../../../Engine/Content/ArtTools/RenderToTexture/Materials/Debug/M_Emissive_Color.uexp" 764
"../../../Engine/Content/BasicShapes/Cylinder.uasset" 765
"../../../Engine/Content/BasicShapes/Cylinder.uexp" 766
"../../../Engine/Plugins/Lumin/MagicLeapPassableWorld/Content/MagicLeapARPinInfoActor.uasset" 767
"../../../Engine/Plugins/Lumin/MagicLeapPassableWorld/Content/MagicLeapARPinInfoActor.uexp" 768
"../../../Engine/Plugins/Runtime/OpenXR/Content/Devices/GoogleDaydream/MRTexture.uasset" 769
"../../../Engine/Plugins/Runtime/OpenXR/Content/Devices/GoogleDaydream/MRTexture.uexp" 770
"../../../Engine/Plugins/Runtime/OpenXR/Content/Devices/GoogleDaydream/MRTexture.ubulk" 771
"../../../Engine/Plugins/Runtime/OpenXR/Content/Devices/GoogleDaydream/BaseTexture.uasset" 772
"../../../Engine/Plugins/Runtime/OpenXR/Content/Devices/GoogleDaydream/BaseTexture.uexp" 773
"../../../Engine/Plugins/Runtime/OpenXR/Content/Devices/GoogleDaydream/BaseTexture.ubulk" 774
"../../../Engine/Content/EngineResources/Black.uasset" 775
"../../../Engine/Content/EngineResources/Black.uexp" 776
"../../../Engine/Plugins/Runtime/OpenXR/Content/Devices/M_XRController.uasset" 777
"../../../Engine/Plugins/Runtime/OpenXR/Content/Devices/M_XRController.uexp" 778
"../../../Engine/Plugins/Runtime/OpenXR/Content/Devices/GoogleDaydream/MI_GoogleDaydream.uasset" 779
"../../../Engine/Plugins/Runtime/OpenXR/Content/Devices/GoogleDaydream/MI_GoogleDaydream.uexp" 780
"../../../Engine/Plugins/Runtime/OpenXR/Content/Devices/GoogleDaydream/GoogleDaydreamController.uasset" 781
"../../../Engine/Plugins/Runtime/OpenXR/Content/Devices/GoogleDaydream/GoogleDaydreamController.uexp" 782
"../../../Engine/Plugins/Runtime/OpenXR/Content/Devices/HTCVive/BaseTexture.uasset" 783
"../../../Engine/Plugins/Runtime/OpenXR/Content/Devices/HTCVive/BaseTexture.uexp" 784
"../../../Engine/Plugins/Runtime/OpenXR/Content/Devices/HTCVive/BaseTexture.ubulk" 785
"../../../Engine/Plugins/Runtime/OpenXR/Content/Devices/HTCVive/MI_HTCVive.uasset" 786
"../../../Engine/Plugins/Runtime/OpenXR/Content/Devices/HTCVive/MI_HTCVive.uexp" 787
"../../../Engine/Plugins/Runtime/OpenXR/Content/Devices/HTCVive/HTCViveController.uasset" 788
"../../../Engine/Plugins/Runtime/OpenXR/Content/Devices/HTCVive/HTCViveController.uexp" 789
"../../../Engine/Plugins/Runtime/OpenXR/Content/Devices/MicrosoftMixedReality/NormalTexture.uasset" 790
"../../../Engine/Plugins/Runtime/OpenXR/Content/Devices/MicrosoftMixedReality/NormalTexture.uexp" 791
"../../../Engine/Plugins/Runtime/OpenXR/Content/Devices/MicrosoftMixedReality/NormalTexture.ubulk" 792
"../../../Engine/Plugins/Runtime/OpenXR/Content/Devices/MicrosoftMixedReality/MRTexture.uasset" 793
"../../../Engine/Plugins/Runtime/OpenXR/Content/Devices/MicrosoftMixedReality/MRTexture.uexp" 794
"../../../Engine/Plugins/Runtime/OpenXR/Content/Devices/MicrosoftMixedReality/MRTexture.ubulk" 795
"../../../Engine/Plugins/Runtime/OpenXR/Content/Devices/MicrosoftMixedReality/EmissiveTexture.uasset" 796
"../../../Engine/Plugins/Runtime/OpenXR/Content/Devices/MicrosoftMixedReality/EmissiveTexture.uexp" 797
"../../../Engine/Plugins/Runtime/OpenXR/Content/Devices/MicrosoftMixedReality/EmissiveTexture.ubulk" 798
"../../../Engine/Plugins/Runtime/OpenXR/Content/Devices/MicrosoftMixedReality/BaseTexture.uasset" 799
"../../../Engine/Plugins/Runtime/OpenXR/Content/Devices/MicrosoftMixedReality/BaseTexture.uexp" 800
"../../../Engine/Plugins/Runtime/OpenXR/Content/Devices/MicrosoftMixedReality/BaseTexture.ubulk" 801
"../../../Engine/Plugins/Runtime/OpenXR/Content/Devices/MicrosoftMixedReality/MI_MicrosoftMixedReality.uasset" 802
"../../../Engine/Plugins/Runtime/OpenXR/Content/Devices/MicrosoftMixedReality/MI_MicrosoftMixedReality.uexp" 803
"../../../Engine/Plugins/Runtime/OpenXR/Content/Devices/MicrosoftMixedReality/Left/left_MicrosoftMixedRealityController.uasset" 804
"../../../Engine/Plugins/Runtime/OpenXR/Content/Devices/MicrosoftMixedReality/Left/left_MicrosoftMixedRealityController.uexp" 805
"../../../Engine/Plugins/Runtime/OpenXR/Content/Devices/MicrosoftMixedReality/Right/right_MicrosoftMixedRealityController.uasset" 806
"../../../Engine/Plugins/Runtime/OpenXR/Content/Devices/MicrosoftMixedReality/Right/right_MicrosoftMixedRealityController.uexp" 807
"../../../Engine/Plugins/Runtime/OpenXR/Content/Devices/OculusGo/BaseTexture.uasset" 808
"../../../Engine/Plugins/Runtime/OpenXR/Content/Devices/OculusGo/BaseTexture.uexp" 809
"../../../Engine/Plugins/Runtime/OpenXR/Content/Devices/OculusGo/BaseTexture.ubulk" 810
"../../../Engine/Plugins/Runtime/OpenXR/Content/Devices/OculusGo/MI_OculusGo.uasset" 811
"../../../Engine/Plugins/Runtime/OpenXR/Content/Devices/OculusGo/MI_OculusGo.uexp" 812
"../../../Engine/Plugins/Runtime/OpenXR/Content/Devices/OculusGo/OculusGoController.uasset" 813
"../../../Engine/Plugins/Runtime/OpenXR/Content/Devices/OculusGo/OculusGoController.uexp" 814
"../../../Engine/Plugins/Runtime/OpenXR/Content/Devices/OculusTouch/MRTexture.uasset" 815
"../../../Engine/Plugins/Runtime/OpenXR/Content/Devices/OculusTouch/MRTexture.uexp" 816
"../../../Engine/Plugins/Runtime/OpenXR/Content/Devices/OculusTouch/MRTexture.ubulk" 817
"../../../Engine/Plugins/Runtime/OpenXR/Content/Devices/OculusTouch/BaseTexture.uasset" 818
"../../../Engine/Plugins/Runtime/OpenXR/Content/Devices/OculusTouch/BaseTexture.uexp" 819
"../../../Engine/Plugins/Runtime/OpenXR/Content/Devices/OculusTouch/BaseTexture.ubulk" 820
"../../../Engine/Plugins/Runtime/OpenXR/Content/Devices/OculusTouch/MI_OculusTouch.uasset" 821
"../../../Engine/Plugins/Runtime/OpenXR/Content/Devices/OculusTouch/MI_OculusTouch.uexp" 822
"../../../Engine/Plugins/Runtime/OpenXR/Content/Devices/OculusTouch/Left/left_OculusTouchController.uasset" 823
"../../../Engine/Plugins/Runtime/OpenXR/Content/Devices/OculusTouch/Left/left_OculusTouchController.uexp" 824
"../../../Engine/Plugins/Runtime/OpenXR/Content/Devices/OculusTouch/Right/right_OculusTouchController.uasset" 825
"../../../Engine/Plugins/Runtime/OpenXR/Content/Devices/OculusTouch/Right/right_OculusTouchController.uexp" 826
"../../../Engine/Plugins/Runtime/OpenXR/Content/Devices/OculusTouch_v2/MRTexture.uasset" 827
"../../../Engine/Plugins/Runtime/OpenXR/Content/Devices/OculusTouch_v2/MRTexture.uexp" 828
"../../../Engine/Plugins/Runtime/OpenXR/Content/Devices/OculusTouch_v2/MRTexture.ubulk" 829
"../../../Engine/Plugins/Runtime/OpenXR/Content/Devices/OculusTouch_v2/BaseTexture.uasset" 830
"../../../Engine/Plugins/Runtime/OpenXR/Content/Devices/OculusTouch_v2/BaseTexture.uexp" 831
"../../../Engine/Plugins/Runtime/OpenXR/Content/Devices/OculusTouch_v2/BaseTexture.ubulk" 832
"../../../Engine/Plugins/Runtime/OpenXR/Content/Devices/OculusTouch_v2/MI_OculusTouch_v2.uasset" 833
"../../../Engine/Plugins/Runtime/OpenXR/Content/Devices/OculusTouch_v2/MI_OculusTouch_v2.uexp" 834
"../../../Engine/Plugins/Runtime/OpenXR/Content/Devices/OculusTouch_v2/Left/left_OculusTouch_v2Controller.uasset" 835
"../../../Engine/Plugins/Runtime/OpenXR/Content/Devices/OculusTouch_v2/Left/left_OculusTouch_v2Controller.uexp" 836
"../../../Engine/Plugins/Runtime/OpenXR/Content/Devices/OculusTouch_v2/Right/right_OculusTouch_v2Controller.uasset" 837
"../../../Engine/Plugins/Runtime/OpenXR/Content/Devices/OculusTouch_v2/Right/right_OculusTouch_v2Controller.uexp" 838
"../../../Engine/Plugins/Runtime/OpenXR/Content/Devices/OculusTouch_v3/MRTexture.uasset" 839
"../../../Engine/Plugins/Runtime/OpenXR/Content/Devices/OculusTouch_v3/MRTexture.uexp" 840
"../../../Engine/Plugins/Runtime/OpenXR/Content/Devices/OculusTouch_v3/MRTexture.ubulk" 841
"../../../Engine/Plugins/Runtime/OpenXR/Content/Devices/OculusTouch_v3/BaseTexture.uasset" 842
"../../../Engine/Plugins/Runtime/OpenXR/Content/Devices/OculusTouch_v3/BaseTexture.uexp" 843
"../../../Engine/Plugins/Runtime/OpenXR/Content/Devices/OculusTouch_v3/BaseTexture.ubulk" 844
"../../../Engine/Plugins/Runtime/OpenXR/Content/Devices/OculusTouch_v3/MI_OculusTouch_v3.uasset" 845
"../../../Engine/Plugins/Runtime/OpenXR/Content/Devices/OculusTouch_v3/MI_OculusTouch_v3.uexp" 846
"../../../Engine/Plugins/Runtime/OpenXR/Content/Devices/OculusTouch_v3/Left/left_OculusTouch_v3Controller.uasset" 847
"../../../Engine/Plugins/Runtime/OpenXR/Content/Devices/OculusTouch_v3/Left/left_OculusTouch_v3Controller.uexp" 848
"../../../Engine/Plugins/Runtime/OpenXR/Content/Devices/OculusTouch_v3/Right/right_OculusTouch_v3Controller.uasset" 849
"../../../Engine/Plugins/Runtime/OpenXR/Content/Devices/OculusTouch_v3/Right/right_OculusTouch_v3Controller.uexp" 850
"../../../Engine/Plugins/Runtime/OpenXR/Content/Devices/ValveIndex/Left/left_MRTexture.uasset" 851
"../../../Engine/Plugins/Runtime/OpenXR/Content/Devices/ValveIndex/Left/left_MRTexture.uexp" 852
"../../../Engine/Plugins/Runtime/OpenXR/Content/Devices/ValveIndex/Left/left_MRTexture.ubulk" 853
"../../../Engine/Plugins/Runtime/OpenXR/Content/Devices/ValveIndex/Left/left_BaseTexture.uasset" 854
"../../../Engine/Plugins/Runtime/OpenXR/Content/Devices/ValveIndex/Left/left_BaseTexture.uexp" 855
"../../../Engine/Plugins/Runtime/OpenXR/Content/Devices/ValveIndex/Left/left_BaseTexture.ubulk" 856
"../../../Engine/Plugins/Runtime/OpenXR/Content/Devices/ValveIndex/Left/MI_left_ValveIndex.uasset" 857
"../../../Engine/Plugins/Runtime/OpenXR/Content/Devices/ValveIndex/Left/MI_left_ValveIndex.uexp" 858
"../../../Engine/Plugins/Runtime/OpenXR/Content/Devices/ValveIndex/Left/left_ValveIndexController.uasset" 859
"../../../Engine/Plugins/Runtime/OpenXR/Content/Devices/ValveIndex/Left/left_ValveIndexController.uexp" 860
"../../../Engine/Plugins/Runtime/OpenXR/Content/Devices/ValveIndex/Right/right_MRTexture.uasset" 861
"../../../Engine/Plugins/Runtime/OpenXR/Content/Devices/ValveIndex/Right/right_MRTexture.uexp" 862
"../../../Engine/Plugins/Runtime/OpenXR/Content/Devices/ValveIndex/Right/right_MRTexture.ubulk" 863
"../../../Engine/Plugins/Runtime/OpenXR/Content/Devices/ValveIndex/Right/right_BaseTexture.uasset" 864
"../../../Engine/Plugins/Runtime/OpenXR/Content/Devices/ValveIndex/Right/right_BaseTexture.uexp" 865
"../../../Engine/Plugins/Runtime/OpenXR/Content/Devices/ValveIndex/Right/right_BaseTexture.ubulk" 866
"../../../Engine/Plugins/Runtime/OpenXR/Content/Devices/ValveIndex/Right/MI_right_ValveIndex.uasset" 867
"../../../Engine/Plugins/Runtime/OpenXR/Content/Devices/ValveIndex/Right/MI_right_ValveIndex.uexp" 868
"../../../Engine/Plugins/Runtime/OpenXR/Content/Devices/ValveIndex/Right/right_ValveIndexController.uasset" 869
"../../../Engine/Plugins/Runtime/OpenXR/Content/Devices/ValveIndex/Right/right_ValveIndexController.uexp" 870
"../../../Engine/Content/Functions/Engine_MaterialFunctions02/Utility/BreakOutFloat4Components.uasset" 871
"../../../Engine/Content/Functions/Engine_MaterialFunctions02/Utility/BreakOutFloat4Components.uexp" 872
"../../../Engine/Plugins/Runtime/Oculus/OculusVR/Content/Materials/OculusMR_ChromaKey.uasset" 873
"../../../Engine/Plugins/Runtime/Oculus/OculusVR/Content/Materials/OculusMR_ChromaKey.uexp" 874
"../../../Engine/Plugins/Runtime/Oculus/OculusVR/Content/Materials/OculusMR_OpaqueColoredMaterial.uasset" 875
"../../../Engine/Plugins/Runtime/Oculus/OculusVR/Content/Materials/OculusMR_OpaqueColoredMaterial.uexp" 876
"../../../Engine/Plugins/Runtime/Oculus/OculusVR/Content/Materials/PokeAHoleMaterial.uasset" 877
"../../../Engine/Plugins/Runtime/Oculus/OculusVR/Content/Materials/PokeAHoleMaterial.uexp" 878
"../../../Engine/Plugins/Runtime/Oculus/OculusVR/Content/Textures/touchController_controlmap.uasset" 879
"../../../Engine/Plugins/Runtime/Oculus/OculusVR/Content/Textures/touchController_controlmap.uexp" 880
"../../../Engine/Plugins/Runtime/Oculus/OculusVR/Content/Textures/touchController_controlmap.ubulk" 881
"../../../Engine/Plugins/Runtime/Oculus/OculusVR/Content/Textures/touchController_albedo.uasset" 882
"../../../Engine/Plugins/Runtime/Oculus/OculusVR/Content/Textures/touchController_albedo.uexp" 883
"../../../Engine/Plugins/Runtime/Oculus/OculusVR/Content/Textures/touchController_albedo.ubulk" 884
"../../../Engine/Plugins/Runtime/Oculus/OculusVR/Content/Materials/touchController_mat.uasset" 885
"../../../Engine/Plugins/Runtime/Oculus/OculusVR/Content/Materials/touchController_mat.uexp" 886
"../../../Engine/Plugins/Runtime/Oculus/OculusVR/Content/Meshes/LeftTouchController.uasset" 887
"../../../Engine/Plugins/Runtime/Oculus/OculusVR/Content/Meshes/LeftTouchController.uexp" 888
"../../../Engine/Plugins/Runtime/Oculus/OculusVR/Content/Textures/TouchForQuestRiftSController_albedo.uasset" 889
"../../../Engine/Plugins/Runtime/Oculus/OculusVR/Content/Textures/TouchForQuestRiftSController_albedo.uexp" 890
"../../../Engine/Plugins/Runtime/Oculus/OculusVR/Content/Textures/TouchForQuestRiftSController_albedo.ubulk" 891
"../../../Engine/Plugins/Runtime/Oculus/OculusVR/Content/Materials/TouchForQuestRiftSControllerMaterial.uasset" 892
"../../../Engine/Plugins/Runtime/Oculus/OculusVR/Content/Materials/TouchForQuestRiftSControllerMaterial.uexp" 893
"../../../Engine/Plugins/Runtime/Oculus/OculusVR/Content/Meshes/LeftTouchForQuestRiftSController.uasset" 894
"../../../Engine/Plugins/Runtime/Oculus/OculusVR/Content/Meshes/LeftTouchForQuestRiftSController.uexp" 895
"../../../Engine/Plugins/Runtime/Oculus/OculusVR/Content/Meshes/RiftHMD.uasset" 896
"../../../Engine/Plugins/Runtime/Oculus/OculusVR/Content/Meshes/RiftHMD.uexp" 897
"../../../Engine/Plugins/Runtime/Oculus/OculusVR/Content/Meshes/RightTouchController.uasset" 898
"../../../Engine/Plugins/Runtime/Oculus/OculusVR/Content/Meshes/RightTouchController.uexp" 899
"../../../Engine/Plugins/Runtime/Oculus/OculusVR/Content/Meshes/RightTouchForQuestRiftSController.uasset" 900
"../../../Engine/Plugins/Runtime/Oculus/OculusVR/Content/Meshes/RightTouchForQuestRiftSController.uexp" 901
"C:/Users/andre/Documents/Unreal Projects/MyProject2/Content/StarterContent/Audio/Collapse02.uasset" 902
"C:/Users/andre/Documents/Unreal Projects/MyProject2/Content/StarterContent/Audio/Collapse02.uexp" 903
"C:/Users/andre/Documents/Unreal Projects/MyProject2/Content/StarterContent/Audio/Explosion01.uasset" 904
"C:/Users/andre/Documents/Unreal Projects/MyProject2/Content/StarterContent/Audio/Explosion01.uexp" 905
"C:/Users/andre/Documents/Unreal Projects/MyProject2/Content/StarterContent/Audio/Explosion02.uasset" 906
"C:/Users/andre/Documents/Unreal Projects/MyProject2/Content/StarterContent/Audio/Explosion02.uexp" 907
"C:/Users/andre/Documents/Unreal Projects/MyProject2/Content/StarterContent/Audio/Explosion_Cue.uasset" 908
"C:/Users/andre/Documents/Unreal Projects/MyProject2/Content/StarterContent/Audio/Explosion_Cue.uexp" 909
"C:/Users/andre/Documents/Unreal Projects/MyProject2/Content/StarterContent/Audio/Fire01.uasset" 910
"C:/Users/andre/Documents/Unreal Projects/MyProject2/Content/StarterContent/Audio/Fire01.uexp" 911
"C:/Users/andre/Documents/Unreal Projects/MyProject2/Content/StarterContent/Audio/Fire_Sparks01.uasset" 912
"C:/Users/andre/Documents/Unreal Projects/MyProject2/Content/StarterContent/Audio/Fire_Sparks01.uexp" 913
"C:/Users/andre/Documents/Unreal Projects/MyProject2/Content/StarterContent/Audio/Light01.uasset" 914
"C:/Users/andre/Documents/Unreal Projects/MyProject2/Content/StarterContent/Audio/Light01.uexp" 915
"C:/Users/andre/Documents/Unreal Projects/MyProject2/Content/StarterContent/Audio/Light02.uasset" 916
"C:/Users/andre/Documents/Unreal Projects/MyProject2/Content/StarterContent/Audio/Light02.uexp" 917
"C:/Users/andre/Documents/Unreal Projects/MyProject2/Content/StarterContent/Audio/Light02_Cue.uasset" 918
"C:/Users/andre/Documents/Unreal Projects/MyProject2/Content/StarterContent/Audio/Light02_Cue.uexp" 919
"C:/Users/andre/Documents/Unreal Projects/MyProject2/Content/StarterContent/Audio/Smoke01.uasset" 920
"C:/Users/andre/Documents/Unreal Projects/MyProject2/Content/StarterContent/Audio/Smoke01.uexp" 921
"C:/Users/andre/Documents/Unreal Projects/MyProject2/Content/StarterContent/Audio/Smoke01_Cue.uasset" 922
"C:/Users/andre/Documents/Unreal Projects/MyProject2/Content/StarterContent/Audio/Smoke01_Cue.uexp" 923
"C:/Users/andre/Documents/Unreal Projects/MyProject2/Content/StarterContent/Audio/Starter_Birds01.uasset" 924
"C:/Users/andre/Documents/Unreal Projects/MyProject2/Content/StarterContent/Audio/Starter_Birds01.uexp" 925
"C:/Users/andre/Documents/Unreal Projects/MyProject2/Content/StarterContent/Audio/Starter_Music01.uasset" 926
"C:/Users/andre/Documents/Unreal Projects/MyProject2/Content/StarterContent/Audio/Starter_Music01.uexp" 927
"C:/Users/andre/Documents/Unreal Projects/MyProject2/Content/StarterContent/Audio/Starter_Music_Cue.uasset" 928
"C:/Users/andre/Documents/Unreal Projects/MyProject2/Content/StarterContent/Audio/Starter_Music_Cue.uexp" 929
"C:/Users/andre/Documents/Unreal Projects/MyProject2/Content/StarterContent/Audio/Starter_Wind05.uasset" 930
"C:/Users/andre/Documents/Unreal Projects/MyProject2/Content/StarterContent/Audio/Starter_Wind05.uexp" 931
"C:/Users/andre/Documents/Unreal Projects/MyProject2/Content/StarterContent/Audio/Starter_Wind06.uasset" 932
"C:/Users/andre/Documents/Unreal Projects/MyProject2/Content/StarterContent/Audio/Starter_Wind06.uexp" 933
"C:/Users/andre/Documents/Unreal Projects/MyProject2/Content/StarterContent/Audio/Steam01.uasset" 934
"C:/Users/andre/Documents/Unreal Projects/MyProject2/Content/StarterContent/Audio/Steam01.uexp" 935
"C:/Users/andre/Documents/Unreal Projects/MyProject2/Content/StarterContent/Audio/Steam01_Cue.uasset" 936
"C:/Users/andre/Documents/Unreal Projects/MyProject2/Content/StarterContent/Audio/Steam01_Cue.uexp" 937
"../../../Engine/Content/Maps/Entry_BuiltData.uasset" 938
"../../../Engine/Content/Maps/Entry_BuiltData.uexp" 939
"../../../Engine/Content/Maps/Entry.uexp" 940
"../../../Engine/Content/Maps/Entry.umap" 941
"../../../Engine/Content/EngineSky/T_Sky_Stars.uasset" 942
"../../../Engine/Content/EngineSky/T_Sky_Stars.uexp" 943
"../../../Engine/Content/EngineSky/T_Sky_Stars.ubulk" 944
"../../../Engine/Content/EngineSky/T_Sky_Clouds_M.uasset" 945
"../../../Engine/Content/EngineSky/T_Sky_Clouds_M.uexp" 946
"../../../Engine/Content/EngineSky/T_Sky_Clouds_M.ubulk" 947
"../../../Engine/Content/EngineSky/T_Sky_Blue.uasset" 948
"../../../Engine/Content/EngineSky/T_Sky_Blue.uexp" 949
"../../../Engine/Content/EngineSky/T_Sky_Blue.ubulk" 950
"../../../Engine/Content/EngineSky/M_Sky_Panning_Clouds2.uasset" 951
"../../../Engine/Content/EngineSky/M_Sky_Panning_Clouds2.uexp" 952
"../../../Engine/Content/EngineSky/SM_SkySphere.uasset" 953
"../../../Engine/Content/EngineSky/SM_SkySphere.uexp" 954
"../../../Engine/Content/EngineSky/C_Sky_Zenith_Color.uasset" 955
"../../../Engine/Content/EngineSky/C_Sky_Zenith_Color.uexp" 956
"../../../Engine/Content/EngineSky/C_Sky_Horizon_Color.uasset" 957
"../../../Engine/Content/EngineSky/C_Sky_Horizon_Color.uexp" 958
"../../../Engine/Content/EngineSky/C_Sky_Cloud_Color.uasset" 959
"../../../Engine/Content/EngineSky/C_Sky_Cloud_Color.uexp" 960
"../../../Engine/Content/EditorBlueprintResources/StandardMacros.uasset" 961
"../../../Engine/Content/EditorBlueprintResources/StandardMacros.uexp" 962
"../../../Engine/Content/EngineSky/BP_Sky_Sphere.uasset" 963
"../../../Engine/Content/EngineSky/BP_Sky_Sphere.uexp" 964
"C:/Users/andre/Documents/Unreal Projects/MyProject2/Content/StarterContent/Materials/M_Basic_Floor.uasset" 965
"C:/Users/andre/Documents/Unreal Projects/MyProject2/Content/StarterContent/Materials/M_Basic_Floor.uexp" 966
"C:/Users/andre/Documents/Unreal Projects/MyProject2/Content/StarterContent/Architecture/Floor_400x400.uasset" 967
"C:/Users/andre/Documents/Unreal Projects/MyProject2/Content/StarterContent/Architecture/Floor_400x400.uexp" 968
"C:/Users/andre/Documents/Unreal Projects/MyProject2/Content/StarterContent/Textures/T_TableRound_N.uasset" 969
"C:/Users/andre/Documents/Unreal Projects/MyProject2/Content/StarterContent/Textures/T_TableRound_N.uexp" 970
"C:/Users/andre/Documents/Unreal Projects/MyProject2/Content/StarterContent/Textures/T_TableRound_N.ubulk" 971
"C:/Users/andre/Documents/Unreal Projects/MyProject2/Content/StarterContent/Textures/T_TableRound_M.uasset" 972
"C:/Users/andre/Documents/Unreal Projects/MyProject2/Content/StarterContent/Textures/T_TableRound_M.uexp" 973
"C:/Users/andre/Documents/Unreal Projects/MyProject2/Content/StarterContent/Textures/T_TableRound_M.ubulk" 974
"C:/Users/andre/Documents/Unreal Projects/MyProject2/Content/StarterContent/Props/Materials/M_TableRound.uasset" 975
"C:/Users/andre/Documents/Unreal Projects/MyProject2/Content/StarterContent/Props/Materials/M_TableRound.uexp" 976
"C:/Users/andre/Documents/Unreal Projects/MyProject2/Content/StarterContent/Props/SM_TableRound.uasset" 977
"C:/Users/andre/Documents/Unreal Projects/MyProject2/Content/StarterContent/Props/SM_TableRound.uexp" 978
"C:/Users/andre/Documents/Unreal Projects/MyProject2/Content/StarterContent/Textures/T_Statue_N.uasset" 979
"C:/Users/andre/Documents/Unreal Projects/MyProject2/Content/StarterContent/Textures/T_Statue_N.uexp" 980
"C:/Users/andre/Documents/Unreal Projects/MyProject2/Content/StarterContent/Textures/T_Statue_N.ubulk" 981
"C:/Users/andre/Documents/Unreal Projects/MyProject2/Content/StarterContent/Textures/T_Statue_M.uasset" 982
"C:/Users/andre/Documents/Unreal Projects/MyProject2/Content/StarterContent/Textures/T_Statue_M.uexp" 983
"C:/Users/andre/Documents/Unreal Projects/MyProject2/Content/StarterContent/Textures/T_Statue_M.ubulk" 984
"C:/Users/andre/Documents/Unreal Projects/MyProject2/Content/StarterContent/Props/Materials/M_Statue.uasset" 985
"C:/Users/andre/Documents/Unreal Projects/MyProject2/Content/StarterContent/Props/Materials/M_Statue.uexp" 986
"C:/Users/andre/Documents/Unreal Projects/MyProject2/Content/StarterContent/Props/Materials/M_StatueGlass.uasset" 987
"C:/Users/andre/Documents/Unreal Projects/MyProject2/Content/StarterContent/Props/Materials/M_StatueGlass.uexp" 988
"C:/Users/andre/Documents/Unreal Projects/MyProject2/Content/StarterContent/Props/SM_Statue.uasset" 989
"C:/Users/andre/Documents/Unreal Projects/MyProject2/Content/StarterContent/Props/SM_Statue.uexp" 990
"C:/Users/andre/Documents/Unreal Projects/MyProject2/Content/StarterContent/Textures/T_Chair_N.uasset" 991
"C:/Users/andre/Documents/Unreal Projects/MyProject2/Content/StarterContent/Textures/T_Chair_N.uexp" 992
"C:/Users/andre/Documents/Unreal Projects/MyProject2/Content/StarterContent/Textures/T_Chair_N.ubulk" 993
"C:/Users/andre/Documents/Unreal Projects/MyProject2/Content/StarterContent/Textures/T_Chair_M.uasset" 994
"C:/Users/andre/Documents/Unreal Projects/MyProject2/Content/StarterContent/Textures/T_Chair_M.uexp" 995
"C:/Users/andre/Documents/Unreal Projects/MyProject2/Content/StarterContent/Textures/T_Chair_M.ubulk" 996
"C:/Users/andre/Documents/Unreal Projects/MyProject2/Content/StarterContent/Props/Materials/M_Chair.uasset" 997
"C:/Users/andre/Documents/Unreal Projects/MyProject2/Content/StarterContent/Props/Materials/M_Chair.uexp" 998
"C:/Users/andre/Documents/Unreal Projects/MyProject2/Content/StarterContent/Props/SM_Chair.uasset" 999
"C:/Users/andre/Documents/Unreal Projects/MyProject2/Content/StarterContent/Props/SM_Chair.uexp" 1000
"C:/Users/andre/Documents/Unreal Projects/MyProject2/Content/StarterContent/Textures/T_Metal_Copper_D.uasset" 1001
"C:/Users/andre/Documents/Unreal Projects/MyProject2/Content/StarterContent/Textures/T_Metal_Copper_D.uexp" 1002
"C:/Users/andre/Documents/Unreal Projects/MyProject2/Content/StarterContent/Textures/T_Metal_Copper_D.ubulk" 1003
"C:/Users/andre/Documents/Unreal Projects/MyProject2/Content/StarterContent/Textures/T_Metal_Gold_N.uasset" 1004
"C:/Users/andre/Documents/Unreal Projects/MyProject2/Content/StarterContent/Textures/T_Metal_Gold_N.uexp" 1005
"C:/Users/andre/Documents/Unreal Projects/MyProject2/Content/StarterContent/Textures/T_Metal_Gold_N.ubulk" 1006
"C:/Users/andre/Documents/Unreal Projects/MyProject2/Content/StarterContent/Textures/T_MacroVariation.uasset" 1007
"C:/Users/andre/Documents/Unreal Projects/MyProject2/Content/StarterContent/Textures/T_MacroVariation.uexp" 1008
"C:/Users/andre/Documents/Unreal Projects/MyProject2/Content/StarterContent/Materials/M_Metal_Copper.uasset" 1009
"C:/Users/andre/Documents/Unreal Projects/MyProject2/Content/StarterContent/Materials/M_Metal_Copper.uexp" 1010
"C:/Users/andre/Documents/Unreal Projects/MyProject2/Content/StarterContent/Textures/T_Metal_Aluminum_D.uasset" 1011
"C:/Users/andre/Documents/Unreal Projects/MyProject2/Content/StarterContent/Textures/T_Metal_Aluminum_D.uexp" 1012
"C:/Users/andre/Documents/Unreal Projects/MyProject2/Content/StarterContent/Textures/T_Metal_Aluminum_D.ubulk" 1013
"C:/Users/andre/Documents/Unreal Projects/MyProject2/Content/StarterContent/Materials/M_Metal_Burnished_Steel.uasset" 1014
"C:/Users/andre/Documents/Unreal Projects/MyProject2/Content/StarterContent/Materials/M_Metal_Burnished_Steel.uexp" 1015
"C:/Users/andre/Documents/Unreal Projects/MyProject2/Content/StarterContent/Materials/M_Metal_Brushed_Nickel.uasset" 1016
"C:/Users/andre/Documents/Unreal Projects/MyProject2/Content/StarterContent/Materials/M_Metal_Brushed_Nickel.uexp" 1017
"C:/Users/andre/Documents/Unreal Projects/MyProject2/Content/StarterContent/Maps/Minimal_Default_BuiltData.uasset" 1018
"C:/Users/andre/Documents/Unreal Projects/MyProject2/Content/StarterContent/Maps/Minimal_Default_BuiltData.uexp" 1019
"C:/Users/andre/Documents/Unreal Projects/MyProject2/Content/StarterContent/Maps/Minimal_Default_BuiltData.ubulk" 1020
"C:/Users/andre/Documents/Unreal Projects/MyProject2/Content/StarterContent/Audio/Starter_Background_Cue.uasset" 1021
"C:/Users/andre/Documents/Unreal Projects/MyProject2/Content/StarterContent/Audio/Starter_Background_Cue.uexp" 1022
"C:/Users/andre/Documents/Unreal Projects/MyProject2/Content/StarterContent/Maps/Minimal_Default.uexp" 1023
"C:/Users/andre/Documents/Unreal Projects/MyProject2/Content/StarterContent/Maps/Minimal_Default.umap" 1024
